Log file open, 01/05/20 19:36:29
LogWindows: Failed to load 'aqProf.dll' (GetLastError=126)
LogWindows: File 'aqProf.dll' does not exist
LogWindows: Failed to load 'VtuneApi.dll' (GetLastError=126)
LogWindows: File 'VtuneApi.dll' does not exist
LogWindows: Failed to load 'VtuneApi32e.dll' (GetLastError=126)
LogWindows: File 'VtuneApi32e.dll' does not exist
LogConsoleResponse: Display: Failed to find resolution value strings in scalability ini. Falling back to default.
LogInit: Display: Running engine for game: PINEAU
LogPlatformFile: Not using cached read wrapper
LogTaskGraph: Started task graph with 5 named threads and 47 total threads with 3 sets of task threads.
LogStats: Stats thread started at 0.073337
LogD3D11RHI: Loaded GFSDK_Aftermath_Lib.x64.dll
LogICUInternationalization: ICU TimeZone Detection - Raw Offset: +1:00, Platform Override: ''
LogPluginManager: Mounting plugin Paper2D
LogPluginManager: Mounting plugin AISupport
LogPluginManager: Mounting plugin LightPropagationVolume
LogPluginManager: Mounting plugin ActorLayerUtilities
LogPluginManager: Mounting plugin AnimationSharing
LogPluginManager: Mounting plugin CLionSourceCodeAccess
LogPluginManager: Mounting plugin CodeLiteSourceCodeAccess
LogPluginManager: Mounting plugin GitSourceControl
LogPluginManager: Mounting plugin KDevelopSourceCodeAccess
LogPluginManager: Mounting plugin NullSourceCodeAccess
LogPluginManager: Mounting plugin PerforceSourceControl
LogPluginManager: Mounting plugin SubversionSourceControl
LogPluginManager: Mounting plugin UObjectPlugin
LogPluginManager: Mounting plugin VisualStudioCodeSourceCodeAccess
LogPluginManager: Mounting plugin VisualStudioSourceCodeAccess
LogPluginManager: Mounting plugin XCodeSourceCodeAccess
LogPluginManager: Mounting plugin AssetManagerEditor
LogPluginManager: Mounting plugin CryptoKeys
LogPluginManager: Mounting plugin CurveEditorTools
LogPluginManager: Mounting plugin DataValidation
LogPluginManager: Mounting plugin FacialAnimation
LogPluginManager: Mounting plugin GameplayTagsEditor
LogPluginManager: Mounting plugin MacGraphicsSwitching
LogPluginManager: Mounting plugin MaterialAnalyzer
LogPluginManager: Mounting plugin MobileLauncherProfileWizard
LogPluginManager: Mounting plugin PluginBrowser
LogPluginManager: Mounting plugin SpeedTreeImporter
LogPluginManager: Mounting plugin DatasmithContent
LogPluginManager: Mounting plugin VariantManagerContent
LogPluginManager: Mounting plugin AlembicImporter
LogPluginManager: Mounting plugin AutomationUtils
LogPluginManager: Mounting plugin BackChannel
LogPluginManager: Mounting plugin CharacterAI
LogPluginManager: Mounting plugin GeometryCache
LogPluginManager: Mounting plugin HTML5Networking
LogPluginManager: Mounting plugin PlatformCrypto
LogPluginManager: Mounting plugin ProxyLODPlugin
LogPluginManager: Mounting plugin SkeletalReduction
LogPluginManager: Mounting plugin MagicLeap
LogPluginManager: Mounting plugin MagicLeapMedia
LogPluginManager: Mounting plugin AndroidMedia
LogPluginManager: Mounting plugin AvfMedia
LogPluginManager: Mounting plugin ImgMedia
LogPluginManager: Mounting plugin MediaCompositing
LogPluginManager: Mounting plugin MediaPlayerEditor
LogPluginManager: Mounting plugin WebMMedia
LogPluginManager: Mounting plugin WmfMedia
LogPluginManager: Mounting plugin TcpMessaging
LogPluginManager: Mounting plugin UdpMessaging
LogPluginManager: Mounting plugin ActorSequence
LogPluginManager: Mounting plugin LevelSequenceEditor
LogPluginManager: Mounting plugin MatineeToLevelSequence
LogPluginManager: Mounting plugin NetcodeUnitTest
LogPluginManager: Mounting plugin NUTUnrealEngine4
LogPluginManager: Mounting plugin OnlineSubsystemGooglePlay
LogPluginManager: Mounting plugin OnlineSubsystemIOS
LogPluginManager: Mounting plugin OnlineSubsystem
LogPluginManager: Mounting plugin OnlineSubsystemNull
LogPluginManager: Mounting plugin OnlineSubsystemUtils
LogPluginManager: Mounting plugin LauncherChunkInstaller
LogPluginManager: Mounting plugin AndroidDeviceProfileSelector
LogPluginManager: Mounting plugin AndroidMoviePlayer
LogPluginManager: Mounting plugin AndroidPermission
LogPluginManager: Mounting plugin AppleImageUtils
LogPluginManager: Mounting plugin AppleMoviePlayer
LogPluginManager: Mounting plugin ArchVisCharacter
LogPluginManager: Mounting plugin AudioCapture
LogPluginManager: Mounting plugin CableComponent
LogPluginManager: Mounting plugin CustomMeshComponent
LogPluginManager: Mounting plugin EditableMesh
LogPluginManager: Mounting plugin ExampleDeviceProfileSelector
LogPluginManager: Mounting plugin GoogleCloudMessaging
LogPluginManager: Mounting plugin IOSDeviceProfileSelector
LogPluginManager: Mounting plugin LinuxDeviceProfileSelector
LogPluginManager: Mounting plugin LocationServicesBPLibrary
LogPluginManager: Mounting plugin MobilePatchingUtils
LogPluginManager: Mounting plugin OculusVR
LogPluginManager: Mounting plugin PhysXVehicles
LogPluginManager: Mounting plugin ProceduralMeshComponent
LogPluginManager: Mounting plugin RuntimePhysXCooking
LogPluginManager: Mounting plugin SignificanceManager
LogPluginManager: Mounting plugin SteamVR
LogPluginManager: Mounting plugin WebMMoviePlayer
LogPluginManager: Mounting plugin WindowsMoviePlayer
LogPluginManager: Mounting plugin ScreenshotTools
LogInit: Using libcurl 7.55.1-DEV
LogInit:  - built for x86_64-pc-win32
LogInit:  - supports SSL with OpenSSL/1.1.1
LogInit:  - supports HTTP deflate (compression) using libz 1.2.8
LogInit:  - other features:
LogInit:      CURL_VERSION_SSL
LogInit:      CURL_VERSION_LIBZ
LogInit:      CURL_VERSION_IPV6
LogInit:      CURL_VERSION_ASYNCHDNS
LogInit:      CURL_VERSION_LARGEFILE
LogInit:      CURL_VERSION_IDN
LogInit:  CurlRequestOptions (configurable via config and command line):
LogInit:  - bVerifyPeer = true  - Libcurl will verify peer certificate
LogInit:  - bUseHttpProxy = false  - Libcurl will NOT use HTTP proxy
LogInit:  - bDontReuseConnections = false  - Libcurl will reuse connections
LogInit:  - MaxHostConnections = 16  - Libcurl will limit the number of connections to a host
LogInit:  - LocalHostAddr = Default
LogInit:  - BufferSize = 65536
LogOnline: OSS: Creating online subsystem instance for: NULL
LogInit: WinSock: version 1.1 (2.2), MaxSocks=32767, MaxUdp=65467
LogInit: Build: ++UE4+Release-4.23-CL-9631420
LogInit: Engine Version: 4.23.1-9631420+++UE4+Release-4.23
LogInit: Compatible Engine Version: 4.23.0-8386587+++UE4+Release-4.23
LogInit: Net CL: 8386587
LogInit: OS: Windows 10 (Release 1903) (), CPU: AMD Ryzen 7 2700X Eight-Core Processor         , GPU: NVIDIA GeForce RTX 2070
LogInit: Compiled (64-bit): Oct 18 2019 02:07:44
LogInit: Compiled with Visual C++: 19.16.27030.01
LogInit: Build Configuration: Development
LogInit: Branch Name: ++UE4+Release-4.23
LogInit: Command Line: 
LogInit: Base Directory: C:/Program Files/Epic Games/UE_4.23/Engine/Binaries/Win64/
LogInit: Installed Engine Build: 1
LogDevObjectVersion: Number of dev versions registered: 23
LogDevObjectVersion:   Dev-Blueprints (B0D832E4-1F89-4F0D-ACCF-7EB736FD4AA2): 10
LogDevObjectVersion:   Dev-Build (E1C64328-A22C-4D53-A36C-8E866417BD8C): 0
LogDevObjectVersion:   Dev-Core (375EC13C-06E4-48FB-B500-84F0262A717E): 3
LogDevObjectVersion:   Dev-Editor (E4B068ED-F494-42E9-A231-DA0B2E46BB41): 34
LogDevObjectVersion:   Dev-Framework (CFFC743F-43B0-4480-9391-14DF171D2073): 35
LogDevObjectVersion:   Dev-Mobile (B02B49B5-BB20-44E9-A304-32B752E40360): 2
LogDevObjectVersion:   Dev-Networking (A4E4105C-59A1-49B5-A7C5-40C4547EDFEE): 0
LogDevObjectVersion:   Dev-Online (39C831C9-5AE6-47DC-9A44-9C173E1C8E7C): 0
LogDevObjectVersion:   Dev-Physics (78F01B33-EBEA-4F98-B9B4-84EACCB95AA2): 0
LogDevObjectVersion:   Dev-Platform (6631380F-2D4D-43E0-8009-CF276956A95A): 0
LogDevObjectVersion:   Dev-Rendering (12F88B9F-8875-4AFC-A67C-D90C383ABD29): 31
LogDevObjectVersion:   Dev-Sequencer (7B5AE74C-D270-4C10-A958-57980B212A5A): 11
LogDevObjectVersion:   Dev-VR (D7296918-1DD6-4BDD-9DE2-64A83CC13884): 2
LogDevObjectVersion:   Dev-LoadTimes (C2A15278-BFE7-4AFE-6C17-90FF531DF755): 1
LogDevObjectVersion:   Private-Geometry (6EACA3D4-40EC-4CC1-B786-8BED09428FC5): 3
LogDevObjectVersion:   Dev-AnimPhys (29E575DD-E0A3-4627-9D10-D276232CDCEA): 17
LogDevObjectVersion:   Dev-Anim (AF43A65D-7FD3-4947-9873-3E8ED9C1BB05): 2
LogDevObjectVersion:   Dev-ReflectionCapture (6B266CEC-1EC7-4B8F-A30B-E4D90942FC07): 1
LogDevObjectVersion:   Dev-Automation (0DF73D61-A23F-47EA-B727-89E90C41499A): 1
LogDevObjectVersion:   FortniteMain (601D1886-AC64-4F84-AA16-D3DE0DEAC7D6): 27
LogDevObjectVersion:   Dev-Enterprise (9DFFBCD6-494F-0158-E221-12823C92A888): 6
LogDevObjectVersion:   Dev-Niagara (F2AED0AC-9AFE-416F-8664-AA7FFA26D6FC): 1
LogDevObjectVersion:   Dev-Destruction (174F1F0B-B4C6-45A5-B13F-2EE8D0FB917D): 9
LogInit: Presizing for max 16777216 objects, including 0 objects not considered by GC, pre-allocating 0 bytes for permanent pool.
LogInit: Object subsystem initialized
LogConfig: Setting CVar [[con.DebugEarlyDefault:1]]
LogConfig: Setting CVar [[r.setres:1280x720]]
[2020.01.05-18.36.29:995][  0]LogConfig: Setting CVar [[r.VSync:0]]
[2020.01.05-18.36.29:995][  0]LogConfig: Setting CVar [[r.RHICmdBypass:0]]
[2020.01.05-18.36.29:995][  0]LogConfig: Applying CVar settings from Section [/Script/Engine.RendererSettings] File [E:/UE4CyrilRendu/PINEAU/Saved/Config/Windows/Engine.ini]
[2020.01.05-18.36.29:995][  0]LogConfig: Setting CVar [[r.GPUCrashDebugging:0]]
[2020.01.05-18.36.29:995][  0]LogConfig: Setting CVar [[r.DefaultFeature.AutoExposure.ExtendDefaultLuminanceRange:1]]
[2020.01.05-18.36.29:995][  0]LogConfig: Applying CVar settings from Section [/Script/Engine.RendererOverrideSettings] File [E:/UE4CyrilRendu/PINEAU/Saved/Config/Windows/Engine.ini]
[2020.01.05-18.36.29:995][  0]LogConfig: Applying CVar settings from Section [/Script/Engine.StreamingSettings] File [E:/UE4CyrilRendu/PINEAU/Saved/Config/Windows/Engine.ini]
[2020.01.05-18.36.29:995][  0]LogConfig: Setting CVar [[s.MinBulkDataSizeForAsyncLoading:131072]]
[2020.01.05-18.36.29:995][  0]LogConfig: Setting CVar [[s.AsyncLoadingThreadEnabled:0]]
[2020.01.05-18.36.29:995][  0]LogConfig: Setting CVar [[s.EventDrivenLoaderEnabled:1]]
[2020.01.05-18.36.29:995][  0]LogConfig: Setting CVar [[s.WarnIfTimeLimitExceeded:0]]
[2020.01.05-18.36.29:995][  0]LogConfig: Setting CVar [[s.TimeLimitExceededMultiplier:1.5]]
[2020.01.05-18.36.29:995][  0]LogConfig: Setting CVar [[s.TimeLimitExceededMinTime:0.005]]
[2020.01.05-18.36.29:995][  0]LogConfig: Setting CVar [[s.UseBackgroundLevelStreaming:1]]
[2020.01.05-18.36.29:995][  0]LogConfig: Setting CVar [[s.PriorityAsyncLoadingExtraTime:15.0]]
[2020.01.05-18.36.29:995][  0]LogConfig: Setting CVar [[s.LevelStreamingActorsUpdateTimeLimit:5.0]]
[2020.01.05-18.36.29:995][  0]LogConfig: Setting CVar [[s.PriorityLevelStreamingActorsUpdateExtraTime:5.0]]
[2020.01.05-18.36.29:995][  0]LogConfig: Setting CVar [[s.LevelStreamingComponentsRegistrationGranularity:10]]
[2020.01.05-18.36.29:995][  0]LogConfig: Setting CVar [[s.UnregisterComponentsTimeLimit:1.0]]
[2020.01.05-18.36.29:995][  0]LogConfig: Setting CVar [[s.LevelStreamingComponentsUnregistrationGranularity:5]]
[2020.01.05-18.36.29:995][  0]LogConfig: Applying CVar settings from Section [/Script/Engine.GarbageCollectionSettings] File [E:/UE4CyrilRendu/PINEAU/Saved/Config/Windows/Engine.ini]
[2020.01.05-18.36.29:995][  0]LogConfig: Setting CVar [[gc.MaxObjectsNotConsideredByGC:1]]
[2020.01.05-18.36.29:995][  0]LogConfig: Setting CVar [[gc.SizeOfPermanentObjectPool:0]]
[2020.01.05-18.36.29:995][  0]LogConfig: Setting CVar [[gc.FlushStreamingOnGC:0]]
[2020.01.05-18.36.29:995][  0]LogConfig: Setting CVar [[gc.NumRetriesBeforeForcingGC:10]]
[2020.01.05-18.36.29:995][  0]LogConfig: Setting CVar [[gc.AllowParallelGC:1]]
[2020.01.05-18.36.29:995][  0]LogConfig: Setting CVar [[gc.TimeBetweenPurgingPendingKillObjects:61.1]]
[2020.01.05-18.36.29:995][  0]LogConfig: Setting CVar [[gc.MaxObjectsInEditor:16777216]]
[2020.01.05-18.36.29:995][  0]LogConfig: Setting CVar [[gc.IncrementalBeginDestroyEnabled:1]]
[2020.01.05-18.36.29:995][  0]LogConfig: Setting CVar [[gc.CreateGCClusters:1]]
[2020.01.05-18.36.29:995][  0]LogConfig: Setting CVar [[gc.MinGCClusterSize:5]]
[2020.01.05-18.36.29:995][  0]LogConfig: Setting CVar [[gc.ActorClusteringEnabled:0]]
[2020.01.05-18.36.29:995][  0]LogConfig: Setting CVar [[gc.BlueprintClusteringEnabled:0]]
[2020.01.05-18.36.29:995][  0]LogConfig: Setting CVar [[gc.UseDisregardForGCOnDedicatedServers:0]]
[2020.01.05-18.36.29:995][  0]LogConfig: Applying CVar settings from Section [/Script/Engine.NetworkSettings] File [E:/UE4CyrilRendu/PINEAU/Saved/Config/Windows/Engine.ini]
[2020.01.05-18.36.29:995][  0]LogConfig: Applying CVar settings from Section [/Script/UnrealEd.CookerSettings] File [E:/UE4CyrilRendu/PINEAU/Saved/Config/Windows/Engine.ini]
[2020.01.05-18.36.29:999][  0]LogConfig: Applying CVar settings from Section [ViewDistanceQuality@3] File [E:/UE4CyrilRendu/PINEAU/Saved/Config/Windows/Scalability.ini]
[2020.01.05-18.36.29:999][  0]LogConfig: Setting CVar [[r.SkeletalMeshLODBias:0]]
[2020.01.05-18.36.29:999][  0]LogConfig: Setting CVar [[r.ViewDistanceScale:1.0]]
[2020.01.05-18.36.29:999][  0]LogConfig: Applying CVar settings from Section [AntiAliasingQuality@3] File [E:/UE4CyrilRendu/PINEAU/Saved/Config/Windows/Scalability.ini]
[2020.01.05-18.36.29:999][  0]LogConfig: Setting CVar [[r.PostProcessAAQuality:4]]
[2020.01.05-18.36.29:999][  0]LogConfig: Applying CVar settings from Section [ShadowQuality@3] File [E:/UE4CyrilRendu/PINEAU/Saved/Config/Windows/Scalability.ini]
[2020.01.05-18.36.29:999][  0]LogConfig: Setting CVar [[r.LightFunctionQuality:1]]
[2020.01.05-18.36.29:999][  0]LogConfig: Setting CVar [[r.ShadowQuality:5]]
[2020.01.05-18.36.29:999][  0]LogConfig: Setting CVar [[r.Shadow.CSM.MaxCascades:10]]
[2020.01.05-18.36.29:999][  0]LogConfig: Setting CVar [[r.Shadow.MaxResolution:2048]]
[2020.01.05-18.36.29:999][  0]LogConfig: Setting CVar [[r.Shadow.MaxCSMResolution:2048]]
[2020.01.05-18.36.29:999][  0]LogConfig: Setting CVar [[r.Shadow.RadiusThreshold:0.01]]
[2020.01.05-18.36.29:999][  0]LogConfig: Setting CVar [[r.Shadow.DistanceScale:1.0]]
[2020.01.05-18.36.29:999][  0]LogConfig: Setting CVar [[r.Shadow.CSM.TransitionScale:1.0]]
[2020.01.05-18.36.29:999][  0]LogConfig: Setting CVar [[r.Shadow.PreShadowResolutionFactor:1.0]]
[2020.01.05-18.36.29:999][  0]LogConfig: Setting CVar [[r.DistanceFieldShadowing:1]]
[2020.01.05-18.36.29:999][  0]LogConfig: Setting CVar [[r.DistanceFieldAO:1]]
[2020.01.05-18.36.29:999][  0]LogConfig: Setting CVar [[r.AOQuality:2]]
[2020.01.05-18.36.29:999][  0]LogConfig: Setting CVar [[r.VolumetricFog:1]]
[2020.01.05-18.36.29:999][  0]LogConfig: Setting CVar [[r.VolumetricFog.GridPixelSize:8]]
[2020.01.05-18.36.29:999][  0]LogConfig: Setting CVar [[r.VolumetricFog.GridSizeZ:128]]
[2020.01.05-18.36.29:999][  0]LogConfig: Setting CVar [[r.VolumetricFog.HistoryMissSupersampleCount:4]]
[2020.01.05-18.36.29:999][  0]LogConfig: Setting CVar [[r.LightMaxDrawDistanceScale:1]]
[2020.01.05-18.36.29:999][  0]LogConfig: Setting CVar [[r.CapsuleShadows:1]]
[2020.01.05-18.36.29:999][  0]LogConfig: Applying CVar settings from Section [PostProcessQuality@3] File [E:/UE4CyrilRendu/PINEAU/Saved/Config/Windows/Scalability.ini]
[2020.01.05-18.36.29:999][  0]LogConfig: Setting CVar [[r.MotionBlurQuality:4]]
[2020.01.05-18.36.29:999][  0]LogConfig: Setting CVar [[r.AmbientOcclusionMipLevelFactor:0.4]]
[2020.01.05-18.36.29:999][  0]LogConfig: Setting CVar [[r.AmbientOcclusionMaxQuality:100]]
[2020.01.05-18.36.29:999][  0]LogConfig: Setting CVar [[r.AmbientOcclusionLevels:-1]]
[2020.01.05-18.36.29:999][  0]LogConfig: Setting CVar [[r.AmbientOcclusionRadiusScale:1.0]]
[2020.01.05-18.36.29:999][  0]LogConfig: Setting CVar [[r.DepthOfFieldQuality:2]]
[2020.01.05-18.36.29:999][  0]LogConfig: Setting CVar [[r.RenderTargetPoolMin:400]]
[2020.01.05-18.36.29:999][  0]LogConfig: Setting CVar [[r.LensFlareQuality:2]]
[2020.01.05-18.36.30:000][  0]LogConfig: Setting CVar [[r.SceneColorFringeQuality:1]]
[2020.01.05-18.36.30:000][  0]LogConfig: Setting CVar [[r.EyeAdaptationQuality:2]]
[2020.01.05-18.36.30:000][  0]LogConfig: Setting CVar [[r.BloomQuality:5]]
[2020.01.05-18.36.30:000][  0]LogConfig: Setting CVar [[r.FastBlurThreshold:100]]
[2020.01.05-18.36.30:000][  0]LogConfig: Setting CVar [[r.Upscale.Quality:3]]
[2020.01.05-18.36.30:000][  0]LogConfig: Setting CVar [[r.Tonemapper.GrainQuantization:1]]
[2020.01.05-18.36.30:000][  0]LogConfig: Setting CVar [[r.LightShaftQuality:1]]
[2020.01.05-18.36.30:000][  0]LogConfig: Setting CVar [[r.Filter.SizeScale:1]]
[2020.01.05-18.36.30:000][  0]LogConfig: Setting CVar [[r.Tonemapper.Quality:5]]
[2020.01.05-18.36.30:000][  0]LogConfig: Setting CVar [[r.DOF.Gather.AccumulatorQuality:1        ; higher gathering accumulator quality]]
[2020.01.05-18.36.30:000][  0]LogConfig: Setting CVar [[r.DOF.Gather.PostfilterMethod:1          ; Median3x3 postfilering method]]
[2020.01.05-18.36.30:000][  0]LogConfig: Setting CVar [[r.DOF.Gather.EnableBokehSettings:0       ; no bokeh simulation when gathering]]
[2020.01.05-18.36.30:000][  0]LogConfig: Setting CVar [[r.DOF.Gather.RingCount:4                 ; medium number of samples when gathering]]
[2020.01.05-18.36.30:000][  0]LogConfig: Setting CVar [[r.DOF.Scatter.ForegroundCompositing:1    ; additive foreground scattering]]
[2020.01.05-18.36.30:000][  0]LogConfig: Setting CVar [[r.DOF.Scatter.BackgroundCompositing:2    ; additive background scattering]]
[2020.01.05-18.36.30:000][  0]LogConfig: Setting CVar [[r.DOF.Scatter.EnableBokehSettings:1      ; bokeh simulation when scattering]]
[2020.01.05-18.36.30:000][  0]LogConfig: Setting CVar [[r.DOF.Scatter.MaxSpriteRatio:0.1         ; only a maximum of 10% of scattered bokeh]]
[2020.01.05-18.36.30:000][  0]LogConfig: Setting CVar [[r.DOF.Recombine.Quality:1                ; cheap slight out of focus]]
[2020.01.05-18.36.30:000][  0]LogConfig: Setting CVar [[r.DOF.Recombine.EnableBokehSettings:0    ; no bokeh simulation on slight out of focus]]
[2020.01.05-18.36.30:000][  0]LogConfig: Setting CVar [[r.DOF.TemporalAAQuality:1                ; more stable temporal accumulation]]
[2020.01.05-18.36.30:000][  0]LogConfig: Setting CVar [[r.DOF.Kernel.MaxForegroundRadius:0.025]]
[2020.01.05-18.36.30:000][  0]LogConfig: Setting CVar [[r.DOF.Kernel.MaxBackgroundRadius:0.025]]
[2020.01.05-18.36.30:000][  0]LogConfig: Applying CVar settings from Section [TextureQuality@3] File [E:/UE4CyrilRendu/PINEAU/Saved/Config/Windows/Scalability.ini]
[2020.01.05-18.36.30:000][  0]LogConfig: Setting CVar [[r.Streaming.MipBias:0]]
[2020.01.05-18.36.30:000][  0]LogConfig: Setting CVar [[r.Streaming.AmortizeCPUToGPUCopy:0]]
[2020.01.05-18.36.30:000][  0]LogConfig: Setting CVar [[r.Streaming.MaxNumTexturesToStreamPerFrame:0]]
[2020.01.05-18.36.30:000][  0]LogConfig: Setting CVar [[r.Streaming.Boost:1]]
[2020.01.05-18.36.30:000][  0]LogConfig: Setting CVar [[r.MaxAnisotropy:8]]
[2020.01.05-18.36.30:000][  0]LogConfig: Setting CVar [[r.Streaming.LimitPoolSizeToVRAM:0]]
[2020.01.05-18.36.30:000][  0]LogConfig: Setting CVar [[r.Streaming.PoolSize:1000]]
[2020.01.05-18.36.30:000][  0]LogConfig: Setting CVar [[r.Streaming.MaxEffectiveScreenSize:0]]
[2020.01.05-18.36.30:000][  0]LogConfig: Applying CVar settings from Section [EffectsQuality@3] File [E:/UE4CyrilRendu/PINEAU/Saved/Config/Windows/Scalability.ini]
[2020.01.05-18.36.30:000][  0]LogConfig: Setting CVar [[r.TranslucencyLightingVolumeDim:64]]
[2020.01.05-18.36.30:000][  0]LogConfig: Setting CVar [[r.RefractionQuality:2]]
[2020.01.05-18.36.30:000][  0]LogConfig: Setting CVar [[r.SSR.Quality:3]]
[2020.01.05-18.36.30:000][  0]LogConfig: Setting CVar [[r.SceneColorFormat:4]]
[2020.01.05-18.36.30:000][  0]LogConfig: Setting CVar [[r.DetailMode:2]]
[2020.01.05-18.36.30:000][  0]LogConfig: Setting CVar [[r.TranslucencyVolumeBlur:1]]
[2020.01.05-18.36.30:000][  0]LogConfig: Setting CVar [[r.MaterialQualityLevel:1 ; High quality]]
[2020.01.05-18.36.30:000][  0]LogConfig: Setting CVar [[r.SSS.Scale:1]]
[2020.01.05-18.36.30:000][  0]LogConfig: Setting CVar [[r.SSS.SampleSet:2]]
[2020.01.05-18.36.30:000][  0]LogConfig: Setting CVar [[r.SSS.Quality:1]]
[2020.01.05-18.36.30:000][  0]LogConfig: Setting CVar [[r.SSS.HalfRes:1]]
[2020.01.05-18.36.30:000][  0]LogConfig: Setting CVar [[r.EmitterSpawnRateScale:1.0]]
[2020.01.05-18.36.30:000][  0]LogConfig: Setting CVar [[r.ParticleLightQuality:2]]
[2020.01.05-18.36.30:000][  0]LogConfig: Applying CVar settings from Section [FoliageQuality@3] File [E:/UE4CyrilRendu/PINEAU/Saved/Config/Windows/Scalability.ini]
[2020.01.05-18.36.30:000][  0]LogConfig: Setting CVar [[foliage.DensityScale:1.0]]
[2020.01.05-18.36.30:000][  0]LogConfig: Setting CVar [[grass.DensityScale:1.0]]
[2020.01.05-18.36.30:000][  0]LogInit: Selected Device Profile: [Windows]
[2020.01.05-18.36.30:000][  0]LogInit: Applying CVar settings loaded from the selected device profile: [Windows]
[2020.01.05-18.36.30:003][  0]LogHAL: Display: Platform has ~ 16 GB [17102704640 / 17179869184 / 16], which maps to Larger [LargestMinGB=32, LargerMinGB=12, DefaultMinGB=8, SmallerMinGB=6, SmallestMinGB=0)
[2020.01.05-18.36.30:003][  0]LogInit: Going up to parent DeviceProfile []
[2020.01.05-18.36.30:003][  0]LogConfig: Applying CVar settings from Section [ViewDistanceQuality@3] File [E:/UE4CyrilRendu/PINEAU/Saved/Config/Windows/Scalability.ini]
[2020.01.05-18.36.30:003][  0]LogConfig: Setting CVar [[r.SkeletalMeshLODBias:0]]
[2020.01.05-18.36.30:003][  0]LogConfig: Setting CVar [[r.ViewDistanceScale:1.0]]
[2020.01.05-18.36.30:003][  0]LogConfig: Applying CVar settings from Section [AntiAliasingQuality@3] File [E:/UE4CyrilRendu/PINEAU/Saved/Config/Windows/Scalability.ini]
[2020.01.05-18.36.30:003][  0]LogConfig: Setting CVar [[r.PostProcessAAQuality:4]]
[2020.01.05-18.36.30:003][  0]LogConfig: Applying CVar settings from Section [ShadowQuality@3] File [E:/UE4CyrilRendu/PINEAU/Saved/Config/Windows/Scalability.ini]
[2020.01.05-18.36.30:003][  0]LogConfig: Setting CVar [[r.LightFunctionQuality:1]]
[2020.01.05-18.36.30:003][  0]LogConfig: Setting CVar [[r.ShadowQuality:5]]
[2020.01.05-18.36.30:003][  0]LogConfig: Setting CVar [[r.Shadow.CSM.MaxCascades:10]]
[2020.01.05-18.36.30:003][  0]LogConfig: Setting CVar [[r.Shadow.MaxResolution:2048]]
[2020.01.05-18.36.30:003][  0]LogConfig: Setting CVar [[r.Shadow.MaxCSMResolution:2048]]
[2020.01.05-18.36.30:003][  0]LogConfig: Setting CVar [[r.Shadow.RadiusThreshold:0.01]]
[2020.01.05-18.36.30:003][  0]LogConfig: Setting CVar [[r.Shadow.DistanceScale:1.0]]
[2020.01.05-18.36.30:003][  0]LogConfig: Setting CVar [[r.Shadow.CSM.TransitionScale:1.0]]
[2020.01.05-18.36.30:003][  0]LogConfig: Setting CVar [[r.Shadow.PreShadowResolutionFactor:1.0]]
[2020.01.05-18.36.30:003][  0]LogConfig: Setting CVar [[r.DistanceFieldShadowing:1]]
[2020.01.05-18.36.30:003][  0]LogConfig: Setting CVar [[r.DistanceFieldAO:1]]
[2020.01.05-18.36.30:003][  0]LogConfig: Setting CVar [[r.AOQuality:2]]
[2020.01.05-18.36.30:003][  0]LogConfig: Setting CVar [[r.VolumetricFog:1]]
[2020.01.05-18.36.30:003][  0]LogConfig: Setting CVar [[r.VolumetricFog.GridPixelSize:8]]
[2020.01.05-18.36.30:003][  0]LogConfig: Setting CVar [[r.VolumetricFog.GridSizeZ:128]]
[2020.01.05-18.36.30:003][  0]LogConfig: Setting CVar [[r.VolumetricFog.HistoryMissSupersampleCount:4]]
[2020.01.05-18.36.30:003][  0]LogConfig: Setting CVar [[r.LightMaxDrawDistanceScale:1]]
[2020.01.05-18.36.30:003][  0]LogConfig: Setting CVar [[r.CapsuleShadows:1]]
[2020.01.05-18.36.30:003][  0]LogConfig: Applying CVar settings from Section [PostProcessQuality@3] File [E:/UE4CyrilRendu/PINEAU/Saved/Config/Windows/Scalability.ini]
[2020.01.05-18.36.30:003][  0]LogConfig: Setting CVar [[r.MotionBlurQuality:4]]
[2020.01.05-18.36.30:003][  0]LogConfig: Setting CVar [[r.AmbientOcclusionMipLevelFactor:0.4]]
[2020.01.05-18.36.30:003][  0]LogConfig: Setting CVar [[r.AmbientOcclusionMaxQuality:100]]
[2020.01.05-18.36.30:003][  0]LogConfig: Setting CVar [[r.AmbientOcclusionLevels:-1]]
[2020.01.05-18.36.30:003][  0]LogConfig: Setting CVar [[r.AmbientOcclusionRadiusScale:1.0]]
[2020.01.05-18.36.30:003][  0]LogConfig: Setting CVar [[r.DepthOfFieldQuality:2]]
[2020.01.05-18.36.30:003][  0]LogConfig: Setting CVar [[r.RenderTargetPoolMin:400]]
[2020.01.05-18.36.30:003][  0]LogConfig: Setting CVar [[r.LensFlareQuality:2]]
[2020.01.05-18.36.30:003][  0]LogConfig: Setting CVar [[r.SceneColorFringeQuality:1]]
[2020.01.05-18.36.30:003][  0]LogConfig: Setting CVar [[r.EyeAdaptationQuality:2]]
[2020.01.05-18.36.30:003][  0]LogConfig: Setting CVar [[r.BloomQuality:5]]
[2020.01.05-18.36.30:003][  0]LogConfig: Setting CVar [[r.FastBlurThreshold:100]]
[2020.01.05-18.36.30:003][  0]LogConfig: Setting CVar [[r.Upscale.Quality:3]]
[2020.01.05-18.36.30:003][  0]LogConfig: Setting CVar [[r.Tonemapper.GrainQuantization:1]]
[2020.01.05-18.36.30:003][  0]LogConfig: Setting CVar [[r.LightShaftQuality:1]]
[2020.01.05-18.36.30:003][  0]LogConfig: Setting CVar [[r.Filter.SizeScale:1]]
[2020.01.05-18.36.30:003][  0]LogConfig: Setting CVar [[r.Tonemapper.Quality:5]]
[2020.01.05-18.36.30:003][  0]LogConfig: Setting CVar [[r.DOF.Gather.AccumulatorQuality:1        ; higher gathering accumulator quality]]
[2020.01.05-18.36.30:003][  0]LogConfig: Setting CVar [[r.DOF.Gather.PostfilterMethod:1          ; Median3x3 postfilering method]]
[2020.01.05-18.36.30:003][  0]LogConfig: Setting CVar [[r.DOF.Gather.EnableBokehSettings:0       ; no bokeh simulation when gathering]]
[2020.01.05-18.36.30:003][  0]LogConfig: Setting CVar [[r.DOF.Gather.RingCount:4                 ; medium number of samples when gathering]]
[2020.01.05-18.36.30:003][  0]LogConfig: Setting CVar [[r.DOF.Scatter.ForegroundCompositing:1    ; additive foreground scattering]]
[2020.01.05-18.36.30:003][  0]LogConfig: Setting CVar [[r.DOF.Scatter.BackgroundCompositing:2    ; additive background scattering]]
[2020.01.05-18.36.30:003][  0]LogConfig: Setting CVar [[r.DOF.Scatter.EnableBokehSettings:1      ; bokeh simulation when scattering]]
[2020.01.05-18.36.30:003][  0]LogConfig: Setting CVar [[r.DOF.Scatter.MaxSpriteRatio:0.1         ; only a maximum of 10% of scattered bokeh]]
[2020.01.05-18.36.30:003][  0]LogConfig: Setting CVar [[r.DOF.Recombine.Quality:1                ; cheap slight out of focus]]
[2020.01.05-18.36.30:003][  0]LogConfig: Setting CVar [[r.DOF.Recombine.EnableBokehSettings:0    ; no bokeh simulation on slight out of focus]]
[2020.01.05-18.36.30:003][  0]LogConfig: Setting CVar [[r.DOF.TemporalAAQuality:1                ; more stable temporal accumulation]]
[2020.01.05-18.36.30:003][  0]LogConfig: Setting CVar [[r.DOF.Kernel.MaxForegroundRadius:0.025]]
[2020.01.05-18.36.30:003][  0]LogConfig: Setting CVar [[r.DOF.Kernel.MaxBackgroundRadius:0.025]]
[2020.01.05-18.36.30:003][  0]LogConfig: Applying CVar settings from Section [TextureQuality@3] File [E:/UE4CyrilRendu/PINEAU/Saved/Config/Windows/Scalability.ini]
[2020.01.05-18.36.30:003][  0]LogConfig: Setting CVar [[r.Streaming.MipBias:0]]
[2020.01.05-18.36.30:004][  0]LogConfig: Setting CVar [[r.Streaming.AmortizeCPUToGPUCopy:0]]
[2020.01.05-18.36.30:004][  0]LogConfig: Setting CVar [[r.Streaming.MaxNumTexturesToStreamPerFrame:0]]
[2020.01.05-18.36.30:004][  0]LogConfig: Setting CVar [[r.Streaming.Boost:1]]
[2020.01.05-18.36.30:004][  0]LogConfig: Setting CVar [[r.MaxAnisotropy:8]]
[2020.01.05-18.36.30:004][  0]LogConfig: Setting CVar [[r.Streaming.LimitPoolSizeToVRAM:0]]
[2020.01.05-18.36.30:004][  0]LogConfig: Setting CVar [[r.Streaming.PoolSize:1000]]
[2020.01.05-18.36.30:004][  0]LogConfig: Setting CVar [[r.Streaming.MaxEffectiveScreenSize:0]]
[2020.01.05-18.36.30:004][  0]LogConfig: Applying CVar settings from Section [EffectsQuality@3] File [E:/UE4CyrilRendu/PINEAU/Saved/Config/Windows/Scalability.ini]
[2020.01.05-18.36.30:004][  0]LogConfig: Setting CVar [[r.TranslucencyLightingVolumeDim:64]]
[2020.01.05-18.36.30:004][  0]LogConfig: Setting CVar [[r.RefractionQuality:2]]
[2020.01.05-18.36.30:004][  0]LogConfig: Setting CVar [[r.SSR.Quality:3]]
[2020.01.05-18.36.30:004][  0]LogConfig: Setting CVar [[r.SceneColorFormat:4]]
[2020.01.05-18.36.30:004][  0]LogConfig: Setting CVar [[r.DetailMode:2]]
[2020.01.05-18.36.30:004][  0]LogConfig: Setting CVar [[r.TranslucencyVolumeBlur:1]]
[2020.01.05-18.36.30:004][  0]LogConfig: Setting CVar [[r.MaterialQualityLevel:1 ; High quality]]
[2020.01.05-18.36.30:004][  0]LogConfig: Setting CVar [[r.SSS.Scale:1]]
[2020.01.05-18.36.30:004][  0]LogConfig: Setting CVar [[r.SSS.SampleSet:2]]
[2020.01.05-18.36.30:004][  0]LogConfig: Setting CVar [[r.SSS.Quality:1]]
[2020.01.05-18.36.30:004][  0]LogConfig: Setting CVar [[r.SSS.HalfRes:1]]
[2020.01.05-18.36.30:004][  0]LogConfig: Setting CVar [[r.EmitterSpawnRateScale:1.0]]
[2020.01.05-18.36.30:004][  0]LogConfig: Setting CVar [[r.ParticleLightQuality:2]]
[2020.01.05-18.36.30:004][  0]LogConfig: Applying CVar settings from Section [FoliageQuality@3] File [E:/UE4CyrilRendu/PINEAU/Saved/Config/Windows/Scalability.ini]
[2020.01.05-18.36.30:004][  0]LogConfig: Setting CVar [[foliage.DensityScale:1.0]]
[2020.01.05-18.36.30:004][  0]LogConfig: Setting CVar [[grass.DensityScale:1.0]]
[2020.01.05-18.36.30:004][  0]LogConfig: Applying CVar settings from Section [Startup] File [../../../Engine/Config/ConsoleVariables.ini]
[2020.01.05-18.36.30:004][  0]LogConfig: Setting CVar [[net.UseAdaptiveNetUpdateFrequency:0]]
[2020.01.05-18.36.30:004][  0]LogConfig: Setting CVar [[p.chaos.AllowCreatePhysxBodies:1]]
[2020.01.05-18.36.30:004][  0]LogConfig: Applying CVar settings from Section [ConsoleVariables] File [E:/UE4CyrilRendu/PINEAU/Saved/Config/Windows/Engine.ini]
[2020.01.05-18.36.30:004][  0]LogInit: Computer: DESKTOP-SD42UTO
[2020.01.05-18.36.30:004][  0]LogInit: User: admin
[2020.01.05-18.36.30:004][  0]LogInit: CPU Page size=4096, Cores=8
[2020.01.05-18.36.30:004][  0]LogInit: High frequency timer resolution =10.000000 MHz
[2020.01.05-18.36.30:004][  0]LogMemory: Memory total: Physical=15.9GB (16GB approx)
[2020.01.05-18.36.30:004][  0]LogMemory: Platform Memory Stats for Windows
[2020.01.05-18.36.30:004][  0]LogMemory: Process Physical Memory: 111.38 MB used, 111.38 MB peak
[2020.01.05-18.36.30:004][  0]LogMemory: Process Virtual Memory: 107.62 MB used, 107.62 MB peak
[2020.01.05-18.36.30:004][  0]LogMemory: Physical Memory: 7375.88 MB used,  8934.53 MB free, 16310.41 MB total
[2020.01.05-18.36.30:004][  0]LogMemory: Virtual Memory: 4731.63 MB used,  134213000.00 MB free, 134217728.00 MB total
[2020.01.05-18.36.30:006][  0]LogWindows: WindowsPlatformFeatures enabled
[2020.01.05-18.36.30:026][  0]LogInit: Using OS detected language (fr-FR).
[2020.01.05-18.36.30:026][  0]LogInit: Using OS detected locale (fr-FR).
[2020.01.05-18.36.30:027][  0]LogTextLocalizationManager: No specific localization for 'fr-FR' exists, so the 'fr' localization will be used.
[2020.01.05-18.36.30:027][  0]LogTextLocalizationResource: LocRes '../../../Engine/Content/Localization/Editor/fr/Editor.locres' could not be opened for reading!
[2020.01.05-18.36.30:027][  0]LogTextLocalizationResource: LocRes '../../../Engine/Content/Localization/EditorTutorials/fr/EditorTutorials.locres' could not be opened for reading!
[2020.01.05-18.36.30:027][  0]LogTextLocalizationResource: LocRes '../../../Engine/Content/Localization/Keywords/fr/Keywords.locres' could not be opened for reading!
[2020.01.05-18.36.30:028][  0]LogTextLocalizationResource: LocRes '../../../Engine/Content/Localization/Category/fr/Category.locres' could not be opened for reading!
[2020.01.05-18.36.30:028][  0]LogTextLocalizationResource: LocRes '../../../Engine/Content/Localization/ToolTips/fr/ToolTips.locres' could not be opened for reading!
[2020.01.05-18.36.30:028][  0]LogTextLocalizationResource: LocRes '../../../Engine/Content/Localization/PropertyNames/fr/PropertyNames.locres' could not be opened for reading!
[2020.01.05-18.36.30:028][  0]LogTextLocalizationResource: LocRes '../../../Engine/Content/Localization/Engine/fr/Engine.locres' could not be opened for reading!
[2020.01.05-18.36.30:029][  0]LogInit: Setting process to per monitor DPI aware
[2020.01.05-18.36.30:060][  0]LogSlate: New Slate User Created.  User Index 0, Is Virtual User: 0
[2020.01.05-18.36.30:060][  0]LogSlate: Slate User Registered.  User Index 0, Is Virtual User: 0
[2020.01.05-18.36.30:212][  0]LogD3D11RHI: D3D11 adapters:
[2020.01.05-18.36.30:279][  0]LogD3D11RHI:    0. 'NVIDIA GeForce RTX 2070' (Feature Level 11_0)
[2020.01.05-18.36.30:280][  0]LogD3D11RHI:       8031/0/8155 MB DedicatedVideo/DedicatedSystem/SharedSystem, Outputs:2, VendorId:0x10de
[2020.01.05-18.36.30:281][  0]LogD3D11RHI:    1. 'Microsoft Basic Render Driver' (Feature Level 11_0)
[2020.01.05-18.36.30:281][  0]LogD3D11RHI:       0/0/8155 MB DedicatedVideo/DedicatedSystem/SharedSystem, Outputs:0, VendorId:0x1414
[2020.01.05-18.36.30:281][  0]LogD3D11RHI: Chosen D3D11 Adapter: 0
[2020.01.05-18.36.30:289][  0]LogD3D11RHI: Creating new Direct3DDevice
[2020.01.05-18.36.30:289][  0]LogD3D11RHI:     GPU DeviceId: 0x1f07 (for the marketing name, search the web for "GPU Device Id")
[2020.01.05-18.36.30:289][  0]LogWindows: EnumDisplayDevices:
[2020.01.05-18.36.30:290][  0]LogWindows:    0. 'NVIDIA GeForce RTX 2070' (P:1 D:1)
[2020.01.05-18.36.30:290][  0]LogWindows:    1. 'NVIDIA GeForce RTX 2070' (P:0 D:1)
[2020.01.05-18.36.30:290][  0]LogWindows:    2. 'NVIDIA GeForce RTX 2070' (P:0 D:0)
[2020.01.05-18.36.30:290][  0]LogWindows:    3. 'NVIDIA GeForce RTX 2070' (P:0 D:0)
[2020.01.05-18.36.30:290][  0]LogWindows: DebugString: FoundDriverCount:4 
[2020.01.05-18.36.30:290][  0]LogD3D11RHI:     Adapter Name: NVIDIA GeForce RTX 2070
[2020.01.05-18.36.30:290][  0]LogD3D11RHI:   Driver Version: 440.97 (internal:26.21.14.4097, unified:440.97)
[2020.01.05-18.36.30:290][  0]LogD3D11RHI:      Driver Date: 10-16-2019
[2020.01.05-18.36.30:290][  0]LogRHI: Texture pool is 5621 MB (70% of 8031 MB)
[2020.01.05-18.36.30:347][  0]LogD3D11RHI: Async texture creation enabled
[2020.01.05-18.36.30:371][  0]LogD3D11RHI: GPU Timing Frequency: 1000.000000 (Debug: 2 2)
[2020.01.05-18.36.30:606][  0]LogTemp: Display: Module 'AllDesktopTargetPlatform' loaded TargetPlatform 'AllDesktop'
[2020.01.05-18.36.30:615][  0]LogTemp: Display: Module 'MacClientTargetPlatform' loaded TargetPlatform 'MacClient'
[2020.01.05-18.36.30:623][  0]LogTemp: Display: Module 'MacNoEditorTargetPlatform' loaded TargetPlatform 'MacNoEditor'
[2020.01.05-18.36.30:632][  0]LogTemp: Display: Module 'MacServerTargetPlatform' loaded TargetPlatform 'MacServer'
[2020.01.05-18.36.30:641][  0]LogTemp: Display: Module 'MacTargetPlatform' loaded TargetPlatform 'Mac'
[2020.01.05-18.36.30:650][  0]LogTemp: Display: Module 'WindowsClientTargetPlatform' loaded TargetPlatform 'WindowsClient'
[2020.01.05-18.36.30:658][  0]LogTemp: Display: Module 'WindowsNoEditorTargetPlatform' loaded TargetPlatform 'WindowsNoEditor'
[2020.01.05-18.36.30:667][  0]LogTemp: Display: Module 'WindowsServerTargetPlatform' loaded TargetPlatform 'WindowsServer'
[2020.01.05-18.36.30:671][  0]LogTemp: Display: Module 'WindowsTargetPlatform' loaded TargetPlatform 'Windows'
[2020.01.05-18.36.30:701][  0]LogTemp: Display: Module 'AndroidTargetPlatform' loaded TargetPlatform 'Android'
[2020.01.05-18.36.30:701][  0]LogTemp: Display: Module 'AndroidTargetPlatform' loaded TargetPlatform 'Android_ASTC'
[2020.01.05-18.36.30:701][  0]LogTemp: Display: Module 'AndroidTargetPlatform' loaded TargetPlatform 'Android_ATC'
[2020.01.05-18.36.30:701][  0]LogTemp: Display: Module 'AndroidTargetPlatform' loaded TargetPlatform 'Android_DXT'
[2020.01.05-18.36.30:701][  0]LogTemp: Display: Module 'AndroidTargetPlatform' loaded TargetPlatform 'Android_ETC1'
[2020.01.05-18.36.30:701][  0]LogTemp: Display: Module 'AndroidTargetPlatform' loaded TargetPlatform 'Android_ETC1a'
[2020.01.05-18.36.30:701][  0]LogTemp: Display: Module 'AndroidTargetPlatform' loaded TargetPlatform 'Android_ETC2'
[2020.01.05-18.36.30:701][  0]LogTemp: Display: Module 'AndroidTargetPlatform' loaded TargetPlatform 'Android_PVRTC'
[2020.01.05-18.36.30:701][  0]LogTemp: Display: Module 'AndroidTargetPlatform' loaded TargetPlatform 'AndroidClient'
[2020.01.05-18.36.30:701][  0]LogTemp: Display: Module 'AndroidTargetPlatform' loaded TargetPlatform 'Android_ASTCClient'
[2020.01.05-18.36.30:701][  0]LogTemp: Display: Module 'AndroidTargetPlatform' loaded TargetPlatform 'Android_ATCClient'
[2020.01.05-18.36.30:701][  0]LogTemp: Display: Module 'AndroidTargetPlatform' loaded TargetPlatform 'Android_DXTClient'
[2020.01.05-18.36.30:701][  0]LogTemp: Display: Module 'AndroidTargetPlatform' loaded TargetPlatform 'Android_ETC1Client'
[2020.01.05-18.36.30:701][  0]LogTemp: Display: Module 'AndroidTargetPlatform' loaded TargetPlatform 'Android_ETC1aClient'
[2020.01.05-18.36.30:701][  0]LogTemp: Display: Module 'AndroidTargetPlatform' loaded TargetPlatform 'Android_ETC2Client'
[2020.01.05-18.36.30:701][  0]LogTemp: Display: Module 'AndroidTargetPlatform' loaded TargetPlatform 'Android_PVRTCClient'
[2020.01.05-18.36.30:701][  0]LogTemp: Display: Module 'AndroidTargetPlatform' loaded TargetPlatform 'Android_Multi'
[2020.01.05-18.36.30:701][  0]LogTemp: Display: Module 'AndroidTargetPlatform' loaded TargetPlatform 'Android_MultiClient'
[2020.01.05-18.36.30:703][  0]LogTemp: Display: Module 'HTML5TargetPlatform' loaded TargetPlatform 'HTML5'
[2020.01.05-18.36.30:719][  0]LogTemp: Display: Module 'IOSTargetPlatform' loaded TargetPlatform 'IOSClient'
[2020.01.05-18.36.30:719][  0]LogTemp: Display: Module 'IOSTargetPlatform' loaded TargetPlatform 'IOS'
[2020.01.05-18.36.30:732][  0]LogTemp: Display: Module 'TVOSTargetPlatform' loaded TargetPlatform 'TVOSClient'
[2020.01.05-18.36.30:732][  0]LogTemp: Display: Module 'TVOSTargetPlatform' loaded TargetPlatform 'TVOS'
[2020.01.05-18.36.30:739][  0]LogTemp: Display: Module 'LinuxClientTargetPlatform' loaded TargetPlatform 'LinuxClient'
[2020.01.05-18.36.30:746][  0]LogTemp: Display: Module 'LinuxNoEditorTargetPlatform' loaded TargetPlatform 'LinuxNoEditor'
[2020.01.05-18.36.30:753][  0]LogTemp: Display: Module 'LinuxServerTargetPlatform' loaded TargetPlatform 'LinuxServer'
[2020.01.05-18.36.30:760][  0]LogTemp: Display: Module 'LinuxTargetPlatform' loaded TargetPlatform 'Linux'
[2020.01.05-18.36.30:783][  0]LogTemp: Display: Module 'LuminTargetPlatform' loaded TargetPlatform 'Lumin'
[2020.01.05-18.36.30:783][  0]LogTemp: Display: Module 'LuminTargetPlatform' loaded TargetPlatform 'LuminClient'
[2020.01.05-18.36.30:783][  0]LogTargetPlatformManager: Display: Building Assets For Windows
[2020.01.05-18.36.30:792][  0]LogAudioDebug: Display: Lib vorbis DLL was dynamically loaded.
[2020.01.05-18.36.30:846][  0]LogShaderCompilers: Guid format shader working directory is 23 characters bigger than the processId version (E:/UE4CyrilRendu/PINEAU/Intermediate/Shaders/WorkingDirectory/4996/).
[2020.01.05-18.36.30:846][  0]LogShaderCompilers: Cleaned the shader compiler working directory 'C:/Users/admin/AppData/Local/Temp/UnrealShaderWorkingDir/5FE67F9D4E7770436FF6FBB88F3A9BE4/'.
[2020.01.05-18.36.30:849][  0]LogXGEController: Cannot use XGE Controller as Incredibuild is not installed on this machine.
[2020.01.05-18.36.30:849][  0]LogShaderCompilers: Cannot use XGE Shader Compiler as Incredibuild is not installed on this machine.
[2020.01.05-18.36.30:849][  0]LogShaderCompilers: Display: Using Local Shader Compiler.
[2020.01.05-18.36.31:410][  0]LogDerivedDataCache: Display: Max Cache Size: 512 MB
[2020.01.05-18.36.31:449][  0]LogDerivedDataCache: Loaded boot cache 0.04s 76MB C:/Users/admin/AppData/Local/UnrealEngine/4.23/DerivedDataCache/Boot.ddc.
[2020.01.05-18.36.31:449][  0]LogDerivedDataCache: Display: Loaded Boot cache: C:/Users/admin/AppData/Local/UnrealEngine/4.23/DerivedDataCache/Boot.ddc
[2020.01.05-18.36.31:449][  0]LogDerivedDataCache: FDerivedDataBackendGraph:  Pak pak cache file E:/UE4CyrilRendu/PINEAU/DerivedDataCache/DDC.ddp not found, will not use a pak cache.
[2020.01.05-18.36.31:449][  0]LogDerivedDataCache: Unable to find inner node Pak for hierarchical cache Hierarchy.
[2020.01.05-18.36.31:450][  0]LogDerivedDataCache: FDerivedDataBackendGraph:  CompressedPak pak cache file E:/UE4CyrilRendu/PINEAU/DerivedDataCache/Compressed.ddp not found, will not use a pak cache.
[2020.01.05-18.36.31:450][  0]LogDerivedDataCache: Unable to find inner node CompressedPak for hierarchical cache Hierarchy.
[2020.01.05-18.36.31:460][  0]LogDerivedDataCache: Display: Pak cache opened for reading ../../../Engine/DerivedDataCache/Compressed.ddp.
[2020.01.05-18.36.31:460][  0]LogDerivedDataCache: FDerivedDataBackendGraph:  EnterprisePak pak cache file ../../../Enterprise/DerivedDataCache/Compressed.ddp not found, will not use a pak cache.
[2020.01.05-18.36.31:460][  0]LogDerivedDataCache: Unable to find inner node EnterprisePak for hierarchical cache Hierarchy.
[2020.01.05-18.36.31:461][  0]LogDerivedDataCache: Using Local data cache path C:/Users/admin/AppData/Local/UnrealEngine/Common/DerivedDataCache: Writable
[2020.01.05-18.36.31:461][  0]LogDerivedDataCache: Shared data cache path not found in *engine.ini, will not use an Shared cache.
[2020.01.05-18.36.31:461][  0]LogDerivedDataCache: Unable to find inner node Shared for hierarchical cache Hierarchy.
[2020.01.05-18.36.31:481][  0]LogMaterial: Verifying Global Shaders for PCD3D_SM5
[2020.01.05-18.36.31:484][  0]LogSlate: Using FreeType 2.6.0
[2020.01.05-18.36.31:484][  0]LogSlate: SlateFontServices - WITH_FREETYPE: 1, WITH_HARFBUZZ: 1
[2020.01.05-18.36.31:533][  0]LogAssetRegistry: FAssetRegistry took 0.0021 seconds to start up
[2020.01.05-18.36.31:776][  0]LogInit: Selected Device Profile: [Windows]
[2020.01.05-18.36.31:914][  0]LogMeshReduction: Using QuadricMeshReduction for automatic static mesh reduction
[2020.01.05-18.36.31:914][  0]LogMeshReduction: Using SimplygonMeshReduction for automatic skeletal mesh reduction
[2020.01.05-18.36.31:914][  0]LogMeshReduction: Using ProxyLODMeshReduction for automatic mesh merging
[2020.01.05-18.36.31:914][  0]LogMeshReduction: No distributed automatic mesh merging module available
[2020.01.05-18.36.31:914][  0]LogMeshMerging: No distributed automatic mesh merging module available
[2020.01.05-18.36.31:922][  0]LogNetVersion: PINEAU 1.0.0, NetCL: 8386587, EngineNetVer: 11, GameNetVer: 0 (Checksum: 401671516)
[2020.01.05-18.36.32:269][  0]LogPackageLocalizationCache: Processed 12 localized package path(s) for 1 prioritized culture(s) in 0.036655 seconds
[2020.01.05-18.36.32:276][  0]LogUObjectArray: 43444 objects as part of root set at end of initial load.
[2020.01.05-18.36.32:276][  0]LogUObjectAllocator: 7548648 out of 0 bytes used by permanent object pool.
[2020.01.05-18.36.32:276][  0]LogUObjectArray: CloseDisregardForGC: 0/0 objects in disregard for GC pool
[2020.01.05-18.36.33:015][  0]LogTcpMessaging: Initializing TcpMessaging bridge
[2020.01.05-18.36.33:018][  0]LogUdpMessaging: Initializing bridge on interface 0.0.0.0:0 to multicast group 230.0.0.1:6666.
[2020.01.05-18.36.33:067][  0]SourceControl: Source control is disabled
[2020.01.05-18.36.33:067][  0]SourceControl: Source control is disabled
[2020.01.05-18.36.33:068][  0]SourceControl: Source control is disabled
[2020.01.05-18.36.33:069][  0]SourceControl: Source control is disabled
[2020.01.05-18.36.33:147][  0]LogAndroidPermission: UAndroidPermissionCallbackProxy::GetInstance
[2020.01.05-18.36.33:359][  0]LogOcInput: OculusInput pre-init called
[2020.01.05-18.36.33:892][  0]LogEngine: Initializing Engine...
[2020.01.05-18.36.33:892][  0]LogHMD: Oculus plugin initialized. Version: 4.23.1-9631420+++UE4+Release-4.23, OVRPlugin: 1.37.0
[2020.01.05-18.36.33:893][  0]LogStats: UGameplayTagsManager::InitializeManager -  0.000 s
[2020.01.05-18.36.34:084][  0]LogInit: Initializing FReadOnlyCVARCache
[2020.01.05-18.36.34:098][  0]LogAIModule: Creating AISystem for world Untitled
[2020.01.05-18.36.34:144][  0]LogInit: XAudio2 using 'Casque pour téléphone (Sennheiser Communication Audio)' : 2 channels at 44.1 kHz using 16 bits per sample (channel mask 0x3)
[2020.01.05-18.36.34:167][  0]LogInit: FAudioDevice initialized.
[2020.01.05-18.36.34:168][  0]LogNetVersion: Set ProjectVersion to 1.0.0.0. Version Checksum will be recalculated on next use.
[2020.01.05-18.36.34:221][  0]LogDerivedDataCache: Saved boot cache 0.05s 76MB C:/Users/admin/AppData/Local/UnrealEngine/4.23/DerivedDataCache/Boot.ddc.
[2020.01.05-18.36.34:227][  0]LogInit: Texture streaming: Enabled
[2020.01.05-18.36.34:247][  0]LogEngineSessionManager: EngineSessionManager initialized
[2020.01.05-18.36.34:247][  0]LogEditorSessionSummary: Verbose: Initializing EditorSessionSummaryWriter for editor session tracking
[2020.01.05-18.36.34:248][  0]LogEditorSessionSummary: EditorSessionSummaryWriter initialized
[2020.01.05-18.36.34:304][  0]LogInit: Transaction tracking system initialized
[2020.01.05-18.36.34:335][  0]BlueprintLog: New page: Editor Load
[2020.01.05-18.36.34:410][  0]LocalizationService: Localization service is disabled
[2020.01.05-18.36.34:623][  0]LogFileCache: Scanning file cache for directory 'E:/UE4CyrilRendu/PINEAU/Content/' took 0.00s
[2020.01.05-18.36.34:623][  0]LogCook: Display: Max memory allowance for cook 16384mb min free memory 0mb
[2020.01.05-18.36.34:623][  0]LogCook: Display: Mobile HDR setting 1
[2020.01.05-18.36.34:787][  0]SourceControl: Source control is disabled
[2020.01.05-18.36.34:787][  0]Cmd: MAP LOAD FILE="../../../Engine/Content/Maps/Templates/Template_Default.umap" TEMPLATE=1 SHOWPROGRESS=1 FEATURELEVEL=3
[2020.01.05-18.36.34:787][  0]LightingResults: New page: Lighting Build
[2020.01.05-18.36.34:790][  0]LogWorld: UWorld::CleanupWorld for Untitled, bSessionEnded=true, bCleanupResources=true
[2020.01.05-18.36.34:790][  0]MapCheck: New page: Map Check
[2020.01.05-18.36.34:790][  0]LightingResults: New page: Lighting Build
[2020.01.05-18.36.34:834][  0]LogUObjectHash: Compacting FUObjectHashTables data took   1.55ms
[2020.01.05-18.36.34:903][  0]LogAIModule: Creating AISystem for world Untitled_1
[2020.01.05-18.36.34:907][  0]LogEditorServer: Finished looking for orphan Actors (0.000 secs)
[2020.01.05-18.36.34:940][  0]LogUObjectHash: Compacting FUObjectHashTables data took   1.82ms
[2020.01.05-18.36.34:941][  0]Cmd: MAP CHECKDEP NOCLEARLOG
[2020.01.05-18.36.34:941][  0]MapCheck: Map check complete: 0 Error(s), 0 Warning(s), took 0,097ms to complete.
[2020.01.05-18.36.34:941][  0]LogFileHelpers: Loading map 'Template_Default' took 0.154
[2020.01.05-18.36.35:053][  0]LogSlate: Updating window title bar state: overlay mode, drag disabled, window buttons hidden, title bar hidden
[2020.01.05-18.36.35:059][  0]LogSlate: Updating window title bar state: overlay mode, drag disabled, window buttons hidden, title bar hidden
[2020.01.05-18.36.35:066][  0]LogSlate: Updating window title bar state: overlay mode, drag disabled, window buttons hidden, title bar hidden
[2020.01.05-18.36.35:072][  0]LogCollectionManager: Loaded 0 collections in 0.001751 seconds
[2020.01.05-18.36.35:078][  0]LogFileCache: Scanning file cache for directory 'E:/UE4CyrilRendu/PINEAU/Saved/Collections/' took 0.00s
[2020.01.05-18.36.35:078][  0]LogFileCache: Scanning file cache for directory 'E:/UE4CyrilRendu/PINEAU/Content/Developers/admin/Collections/' took 0.00s
[2020.01.05-18.36.35:078][  0]LogFileCache: Scanning file cache for directory 'E:/UE4CyrilRendu/PINEAU/Content/Collections/' took 0.00s
[2020.01.05-18.36.35:078][  0]LogCollectionManager: Rebuilt the GUID cache for 0 collections in 0.000001 seconds
[2020.01.05-18.36.35:086][  0]LogContentBrowser: Native class hierarchy populated in 0.0081 seconds. Added 2863 classes and 680 folders.
[2020.01.05-18.36.35:092][  0]LogContentBrowser: Native class hierarchy updated for 'WidgetCarousel' in 0.0002 seconds. Added 0 classes and 0 folders.
[2020.01.05-18.36.35:127][  0]LogContentBrowser: Native class hierarchy updated for 'AddContentDialog' in 0.0002 seconds. Added 0 classes and 0 folders.
[2020.01.05-18.36.35:132][  0]LogContentBrowser: Native class hierarchy updated for 'SceneOutliner' in 0.0002 seconds. Added 1 classes and 2 folders.
[2020.01.05-18.36.35:154][  0]LogSlate: Updating window title bar state: overlay mode, drag disabled, window buttons hidden, title bar hidden
[2020.01.05-18.36.35:161][  0]LogSlate: Updating window title bar state: overlay mode, drag disabled, window buttons hidden, title bar hidden
[2020.01.05-18.36.35:168][  0]LogSlate: Updating window title bar state: overlay mode, drag disabled, window buttons hidden, title bar hidden
[2020.01.05-18.36.35:174][  0]LogSlate: Updating window title bar state: overlay mode, drag disabled, window buttons hidden, title bar hidden
[2020.01.05-18.36.35:183][  0]LogSlate: Took 0.000158 seconds to synchronously load lazily loaded font '../../../Engine/Content/Slate/Fonts/Roboto-Regular.ttf' (155K)
[2020.01.05-18.36.35:184][  0]LogSlate: Took 0.000121 seconds to synchronously load lazily loaded font '../../../Engine/Content/Slate/Fonts/Roboto-Bold.ttf' (160K)
[2020.01.05-18.36.35:190][  0]LogSlate: Took 0.000159 seconds to synchronously load lazily loaded font '../../../Engine/Content/Editor/Slate/Fonts/FontAwesome.ttf' (139K)
[2020.01.05-18.36.35:244][  0]LogRenderer: Reallocating scene render targets to support 604x572 Format 10 NumSamples 1 (Frame:1).
[2020.01.05-18.36.35:274][  0]LogSlate: Took 0.000181 seconds to synchronously load lazily loaded font '../../../Engine/Content/Slate/Fonts/Roboto-Light.ttf' (167K)
[2020.01.05-18.36.35:286][  0]LogRenderer: Reallocating scene render targets to support 1912x1008 Format 10 NumSamples 1 (Frame:4).
[2020.01.05-18.36.35:400][  0]LogContentBrowser: Native class hierarchy updated for 'HierarchicalLODOutliner' in 0.0002 seconds. Added 0 classes and 0 folders.
[2020.01.05-18.36.35:400][  0]LogLoad: (Engine Initialization) Total time: 6.66 seconds
[2020.01.05-18.36.35:400][  0]LogLoad: (Engine Initialization) Total Blueprint compile time: 0.00 seconds
[2020.01.05-18.36.35:412][  0]LogOcInput: OculusInput is initialized
[2020.01.05-18.36.35:443][  0]LogAssetRegistry: Asset discovery search completed in 3.9097 seconds
[2020.01.05-18.36.35:446][  0]LogCollectionManager: Rebuilt the object cache for 0 collections in 0.000003 seconds (found 0 objects)
[2020.01.05-18.36.35:446][  0]LogCollectionManager: Fixed up redirectors for 0 collections in 0.000041 seconds (updated 0 objects)
[2020.01.05-18.36.35:447][  0]LogContentStreaming: Texture pool size now 1000 MB
[2020.01.05-18.36.35:528][  0]LogSlate: Took 0.000133 seconds to synchronously load lazily loaded font '../../../Engine/Content/Slate/Fonts/Roboto-Light.ttf' (167K)
[2020.01.05-18.36.35:533][  1]LogFileCache: Retrieving MD5 hashes for directory 'E:/UE4CyrilRendu/PINEAU/Content/' took 0.12s
[2020.01.05-18.36.37:280][204]LogSlate: FSceneViewport::OnFocusLost() reason 0
[2020.01.05-18.36.39:324][430]LogAIModule: Creating AISystem for world Overview
[2020.01.05-18.36.39:335][430]LogAssetEditorManager: Opening Asset editor for World /Game/PINEAU/Maps/Overview.Overview
[2020.01.05-18.36.39:372][430]LogUObjectHash: Compacting FUObjectHashTables data took   2.00ms
[2020.01.05-18.36.39:372][430]Cmd: MAP LOAD FILE="E:/UE4CyrilRendu/PINEAU/Content/PINEAU/Maps/Overview.umap" TEMPLATE=0 SHOWPROGRESS=1 FEATURELEVEL=3
[2020.01.05-18.36.39:373][430]LightingResults: New page: Lighting Build
[2020.01.05-18.36.39:373][430]LoadErrors: New page: Loading map: Overview.umap
[2020.01.05-18.36.39:374][430]LogWorld: UWorld::CleanupWorld for Untitled_1, bSessionEnded=true, bCleanupResources=true
[2020.01.05-18.36.39:374][430]MapCheck: New page: Map Check
[2020.01.05-18.36.39:374][430]LightingResults: New page: Lighting Build
[2020.01.05-18.36.39:408][430]LogUObjectHash: Compacting FUObjectHashTables data took   1.93ms
[2020.01.05-18.36.39:411][430]LogEditorServer: Finished looking for orphan Actors (0.000 secs)
[2020.01.05-18.36.39:447][430]LogUObjectHash: Compacting FUObjectHashTables data took   1.73ms
[2020.01.05-18.36.39:478][430]Cmd: MAP CHECKDEP NOCLEARLOG
[2020.01.05-18.36.39:478][430]MapCheck: Map check complete: 0 Error(s), 0 Warning(s), took 0,075ms to complete.
[2020.01.05-18.36.39:478][430]LogFileHelpers: Loading map 'Overview' took 0.106
[2020.01.05-18.37.01:488][384]LogAssetEditorManager: Opening Asset editor for BlendSpace1D /Game/PINEAU/Characters/Animations/Anim_BlendSpace_WalkRun.Anim_BlendSpace_WalkRun
[2020.01.05-18.37.01:496][384]LogContentBrowser: Native class hierarchy updated for 'SkeletonEditor' in 0.0002 seconds. Added 1 classes and 2 folders.
[2020.01.05-18.37.01:655][384]LogActorComponent: RegisterComponentWithWorld: (/Engine/Transient.World_2:PersistentLevel.AnimationEditorPreviewActor_0.DebugSkelMeshComponent_0) Already registered. Aborting.
[2020.01.05-18.37.01:658][384]LogContentBrowser: Native class hierarchy updated for 'PinnedCommandList' in 0.0002 seconds. Added 1 classes and 0 folders.
[2020.01.05-18.37.01:692][384]LogSkeletalMesh: USkeletalMeshComponent::InitArticulated : Bodies already created (/Engine/Transient.World_2:PersistentLevel.AnimationEditorPreviewActor_0.DebugSkelMeshComponent_0) - call TermArticulated first.
[2020.01.05-18.37.01:944][384]LogContentBrowser: Verbose: The majority of assets in the view are of type: AnimSequence
[2020.01.05-18.37.03:591][552]LogSlate: Window 'Anim_BlendSpace_WalkRun' being destroyed
[2020.01.05-18.37.04:918][709]LogTemp: Repeating last play command: Selected Viewport
[2020.01.05-18.37.04:933][709]LogBlueprintUserMessages: Early PlayInEditor Detection: Level '/Game/PINEAU/Maps/Overview.Overview:PersistentLevel' has LevelScriptBlueprint '/Game/PINEAU/Maps/Overview.Overview:PersistentLevel.Overview' with GeneratedClass '/Game/PINEAU/Maps/Overview.Overview_C' with ClassGeneratedBy '/Game/PINEAU/Maps/Overview.Overview:PersistentLevel.Overview'
[2020.01.05-18.37.04:933][709]LogPlayLevel: PlayLevel: No blueprints needed recompiling
[2020.01.05-18.37.04:933][709]LogHMD: Initializing OVRPlugin session
[2020.01.05-18.37.05:019][709]LogHMD: Allocating Oculus 3296 x 1776 rendertarget swapchain
[2020.01.05-18.37.05:020][709]PIE: New page: PIE session: Overview (5 janv. 2020 20:37:05)
[2020.01.05-18.37.05:021][709]LogOnline: OSS: Creating online subsystem instance for: NULL
[2020.01.05-18.37.05:021][709]LogPlayLevel: Creating play world package: /Game/PINEAU/Maps/UEDPIE_0_Overview
[2020.01.05-18.37.05:063][709]LogPlayLevel: PIE: StaticDuplicateObject took: (0.041579s)
[2020.01.05-18.37.05:064][709]LogAIModule: Creating AISystem for world Overview
[2020.01.05-18.37.05:064][709]LogPlayLevel: PIE: World Init took: (0.000997s)
[2020.01.05-18.37.05:064][709]LogPlayLevel: PIE: Created PIE world by copying editor world from /Game/PINEAU/Maps/Overview.Overview to /Game/PINEAU/Maps/UEDPIE_0_Overview.Overview (0.042757s)
[2020.01.05-18.37.05:096][709]LogUObjectHash: Compacting FUObjectHashTables data took   1.34ms
[2020.01.05-18.37.05:139][709]LogInit: XAudio2 using 'Casque pour téléphone (Sennheiser Communication Audio)' : 2 channels at 44.1 kHz using 16 bits per sample (channel mask 0x3)
[2020.01.05-18.37.05:148][709]LogInit: FAudioDevice initialized.
[2020.01.05-18.37.05:160][709]LogLoad: Game class is 'BP_Gamemode_ZombieSpawn_C'
[2020.01.05-18.37.05:162][709]LogWorld: Bringing World /Game/PINEAU/Maps/UEDPIE_0_Overview.Overview up for play (max tick rate 0) at 2020.01.05-19.37.05
[2020.01.05-18.37.05:162][709]LogWorld: Bringing up level for play took: 0.000961
[2020.01.05-18.37.05:162][709]LogOnline: OSS: Creating online subsystem instance for: :Context_8
[2020.01.05-18.37.05:169][709]LogContentBrowser: Native class hierarchy updated for 'MovieSceneCapture' in 0.0003 seconds. Added 20 classes and 0 folders.
[2020.01.05-18.37.05:171][709]PIE: Play in editor start time for /Game/PINEAU/Maps/UEDPIE_0_Overview -0,679
[2020.01.05-18.37.05:171][709]LogBlueprintUserMessages: Late PlayInEditor Detection: Level '/Game/PINEAU/Maps/Overview.Overview:PersistentLevel' has LevelScriptBlueprint '/Game/PINEAU/Maps/Overview.Overview:PersistentLevel.Overview' with GeneratedClass '/Game/PINEAU/Maps/Overview.Overview_C' with ClassGeneratedBy '/Game/PINEAU/Maps/Overview.Overview:PersistentLevel.Overview'
[2020.01.05-18.37.05:171][709]LogInput: Error: Duplicate mapping of key Gamepad_LeftY for axis Forward
[2020.01.05-18.37.06:416][851]LogSlate: FSceneViewport::OnFocusLost() reason 5
[2020.01.05-18.37.09:027][151]LogSlate: FSceneViewport::OnFocusLost() reason 0
[2020.01.05-18.37.09:086][158]LogBlueprintUserMessages: Early EndPlayMap Detection: Level '/Game/PINEAU/Maps/Overview.Overview:PersistentLevel' has LevelScriptBlueprint '/Game/PINEAU/Maps/Overview.Overview:PersistentLevel.Overview' with GeneratedClass '/Game/PINEAU/Maps/Overview.Overview_C' with ClassGeneratedBy '/Game/PINEAU/Maps/Overview.Overview:PersistentLevel.Overview'
[2020.01.05-18.37.09:091][158]LogSlate: Updating window title bar state: overlay mode, drag disabled, window buttons hidden, title bar hidden
[2020.01.05-18.37.09:091][158]LogWorld: BeginTearingDown for /Game/PINEAU/Maps/UEDPIE_0_Overview
[2020.01.05-18.37.09:091][158]LogWorld: UWorld::CleanupWorld for Overview, bSessionEnded=true, bCleanupResources=true
[2020.01.05-18.37.09:097][158]LogPlayLevel: Display: Shutting down PIE online subsystems
[2020.01.05-18.37.09:097][158]LogBlueprintUserMessages: Late EndPlayMap Detection: Level '/Game/PINEAU/Maps/Overview.Overview:PersistentLevel' has LevelScriptBlueprint '/Game/PINEAU/Maps/Overview.Overview:PersistentLevel.Overview' with GeneratedClass '/Game/PINEAU/Maps/Overview.Overview_C' with ClassGeneratedBy '/Game/PINEAU/Maps/Overview.Overview:PersistentLevel.Overview'
[2020.01.05-18.37.09:133][158]LogSlate: Updating window title bar state: overlay mode, drag disabled, window buttons hidden, title bar hidden
[2020.01.05-18.37.09:135][158]LogUObjectHash: Compacting FUObjectHashTables data took   1.49ms
[2020.01.05-18.37.09:188][164]LogPlayLevel: Display: Destroying online subsystem :Context_8
[2020.01.05-18.37.09:915][251]LogTemp: Repeating last play command: Selected Viewport
[2020.01.05-18.37.09:930][251]LogBlueprintUserMessages: Early PlayInEditor Detection: Level '/Game/PINEAU/Maps/Overview.Overview:PersistentLevel' has LevelScriptBlueprint '/Game/PINEAU/Maps/Overview.Overview:PersistentLevel.Overview' with GeneratedClass '/Game/PINEAU/Maps/Overview.Overview_C' with ClassGeneratedBy '/Game/PINEAU/Maps/Overview.Overview:PersistentLevel.Overview'
[2020.01.05-18.37.09:930][251]LogPlayLevel: PlayLevel: No blueprints needed recompiling
[2020.01.05-18.37.09:930][251]LogHMD: Initializing OVRPlugin session
[2020.01.05-18.37.10:008][251]LogHMD: Allocating Oculus 3296 x 1776 rendertarget swapchain
[2020.01.05-18.37.10:009][251]PIE: New page: PIE session: Overview (5 janv. 2020 20:37:10)
[2020.01.05-18.37.10:009][251]LogPlayLevel: Creating play world package: /Game/PINEAU/Maps/UEDPIE_0_Overview
[2020.01.05-18.37.10:050][251]LogPlayLevel: PIE: StaticDuplicateObject took: (0.040551s)
[2020.01.05-18.37.10:051][251]LogAIModule: Creating AISystem for world Overview
[2020.01.05-18.37.10:051][251]LogPlayLevel: PIE: World Init took: (0.000805s)
[2020.01.05-18.37.10:051][251]LogPlayLevel: PIE: Created PIE world by copying editor world from /Game/PINEAU/Maps/Overview.Overview to /Game/PINEAU/Maps/UEDPIE_0_Overview.Overview (0.041471s)
[2020.01.05-18.37.10:082][251]LogUObjectHash: Compacting FUObjectHashTables data took   1.29ms
[2020.01.05-18.37.10:124][251]LogInit: XAudio2 using 'Casque pour téléphone (Sennheiser Communication Audio)' : 2 channels at 44.1 kHz using 16 bits per sample (channel mask 0x3)
[2020.01.05-18.37.10:132][251]LogInit: FAudioDevice initialized.
[2020.01.05-18.37.10:141][251]LogLoad: Game class is 'BP_Gamemode_ZombieSpawn_C'
[2020.01.05-18.37.10:142][251]LogWorld: Bringing World /Game/PINEAU/Maps/UEDPIE_0_Overview.Overview up for play (max tick rate 0) at 2020.01.05-19.37.10
[2020.01.05-18.37.10:142][251]LogWorld: Bringing up level for play took: 0.000908
[2020.01.05-18.37.10:142][251]LogOnline: OSS: Creating online subsystem instance for: :Context_10
[2020.01.05-18.37.10:144][251]PIE: Play in editor start time for /Game/PINEAU/Maps/UEDPIE_0_Overview 0,295
[2020.01.05-18.37.10:145][251]LogBlueprintUserMessages: Late PlayInEditor Detection: Level '/Game/PINEAU/Maps/Overview.Overview:PersistentLevel' has LevelScriptBlueprint '/Game/PINEAU/Maps/Overview.Overview:PersistentLevel.Overview' with GeneratedClass '/Game/PINEAU/Maps/Overview.Overview_C' with ClassGeneratedBy '/Game/PINEAU/Maps/Overview.Overview:PersistentLevel.Overview'
[2020.01.05-18.37.10:145][251]LogInput: Error: Duplicate mapping of key Gamepad_LeftY for axis Forward
[2020.01.05-18.37.16:282][985]LogBlueprintUserMessages: Early EndPlayMap Detection: Level '/Game/PINEAU/Maps/Overview.Overview:PersistentLevel' has LevelScriptBlueprint '/Game/PINEAU/Maps/Overview.Overview:PersistentLevel.Overview' with GeneratedClass '/Game/PINEAU/Maps/Overview.Overview_C' with ClassGeneratedBy '/Game/PINEAU/Maps/Overview.Overview:PersistentLevel.Overview'
[2020.01.05-18.37.16:287][985]LogSlate: Updating window title bar state: overlay mode, drag disabled, window buttons hidden, title bar hidden
[2020.01.05-18.37.16:287][985]LogWorld: BeginTearingDown for /Game/PINEAU/Maps/UEDPIE_0_Overview
[2020.01.05-18.37.16:287][985]LogWorld: UWorld::CleanupWorld for Overview, bSessionEnded=true, bCleanupResources=true
[2020.01.05-18.37.16:298][985]LogPlayLevel: Display: Shutting down PIE online subsystems
[2020.01.05-18.37.16:298][985]LogBlueprintUserMessages: Late EndPlayMap Detection: Level '/Game/PINEAU/Maps/Overview.Overview:PersistentLevel' has LevelScriptBlueprint '/Game/PINEAU/Maps/Overview.Overview:PersistentLevel.Overview' with GeneratedClass '/Game/PINEAU/Maps/Overview.Overview_C' with ClassGeneratedBy '/Game/PINEAU/Maps/Overview.Overview:PersistentLevel.Overview'
[2020.01.05-18.37.16:333][985]LogSlate: Updating window title bar state: overlay mode, drag disabled, window buttons hidden, title bar hidden
[2020.01.05-18.37.16:336][985]LogUObjectHash: Compacting FUObjectHashTables data took   1.32ms
[2020.01.05-18.37.16:382][989]LogPlayLevel: Display: Destroying online subsystem :Context_10
[2020.01.05-18.37.17:943][165]LogSlate: FSceneViewport::OnFocusLost() reason 0
[2020.01.05-18.37.33:569][119]LogFactory: FactoryCreateFile: StaticMesh with FbxFactory (0 0 C:\Users\admin\Downloads\Anim_Zombie_Jump_Idle_Air.fbx)
[2020.01.05-18.37.33:609][119]LogFbx: Loading FBX Scene from C:\Users\admin\Downloads\Anim_Zombie_Jump_Idle_Air.fbx
[2020.01.05-18.37.33:660][119]LogFbx: FBX Scene Loaded Succesfully
[2020.01.05-18.37.37:946][119]LogSlate: Window 'FBX Import Options' being destroyed
[2020.01.05-18.37.37:989][119]LogFbx: Warning: Not valid bind pose for Pose (skinCluster1) - Node PumpkinHulk : The relative matrices do not match
[2020.01.05-18.37.37:989][119]LogFbx: Warning: Getting valid bind pose failed. Try to recreate bind pose
[2020.01.05-18.37.37:989][119]LogFbx: Valid bind pose for Pose (FbxSDKBindPose) - PumpkinHulk
[2020.01.05-18.37.37:989][119]LogFbx: Warning: Recreating bind pose succeeded.
[2020.01.05-18.37.38:097][119]LogMaterial: Display: Material /Game/PINEAU/Characters/Animations/PumpkinHulk_Material.PumpkinHulk_Material needed to have new flag set bUsedWithSkeletalMesh !
[2020.01.05-18.37.38:100][119]LogMaterial: Display: Missing cached shader map for material PumpkinHulk_Material, compiling. 
[2020.01.05-18.37.38:168][119]LogShaderCompilers: Display: Worker (1/13): shaders left to compile 60
[2020.01.05-18.37.38:168][119]LogShaderCompilers: Display: Worker (2/13): shaders left to compile 54
[2020.01.05-18.37.38:168][119]LogShaderCompilers: Display: Worker (3/13): shaders left to compile 48
[2020.01.05-18.37.38:168][119]LogShaderCompilers: Display: Worker (4/13): shaders left to compile 42
[2020.01.05-18.37.38:168][119]LogShaderCompilers: Display: Worker (5/13): shaders left to compile 36
[2020.01.05-18.37.38:168][119]LogShaderCompilers: Display: Worker (6/13): shaders left to compile 30
[2020.01.05-18.37.38:168][119]LogShaderCompilers: Display: Worker (7/13): shaders left to compile 24
[2020.01.05-18.37.38:168][119]LogShaderCompilers: Display: Worker (8/13): shaders left to compile 18
[2020.01.05-18.37.38:168][119]LogShaderCompilers: Display: Worker (9/13): shaders left to compile 12
[2020.01.05-18.37.38:168][119]LogShaderCompilers: Display: Worker (10/13): shaders left to compile 6
[2020.01.05-18.37.38:168][119]LogLinker: Failed to load '/Game/PINEAU/Characters/Animations/pumpkinHulk_diffuse': Can't find file.
[2020.01.05-18.37.38:168][119]LogLinker: Failed to load '/Game/PINEAU/Characters/Animations/pumpkinHulk_diffuse': Can't find file.
[2020.01.05-18.37.38:278][119]LogTexture: Display: Building textures: pumpkinHulk_diffuse (AutoDXT, 2048X2048)
[2020.01.05-18.37.39:048][119]LogLinker: Failed to load '/Game/PINEAU/Characters/Animations/pumpkinHulk_normal': Can't find file.
[2020.01.05-18.37.39:048][119]LogLinker: Failed to load '/Game/PINEAU/Characters/Animations/pumpkinHulk_normal': Can't find file.
[2020.01.05-18.37.39:227][119]LogTexture: Display: Building textures: pumpkinHulk_normal (BC5, 2048X2048)
[2020.01.05-18.37.39:448][119]LogMaterial: Display: Missing cached shader map for material PumpkinHulk_Material, compiling. 
[2020.01.05-18.37.39:500][119]LogShaderCompilers: Display: Worker (11/13): shaders left to compile 60
[2020.01.05-18.37.39:500][119]LogShaderCompilers: Display: Worker (12/13): shaders left to compile 54
[2020.01.05-18.37.39:500][119]LogFbx: Triangulating skeletal mesh PumpkinHulk
[2020.01.05-18.37.39:969][119]LogShaderCompilers: Display: Worker (1/13): shaders left to compile 48
[2020.01.05-18.37.39:969][119]LogShaderCompilers: Display: Worker (7/13): shaders left to compile 43
[2020.01.05-18.37.39:969][119]LogFbx: Warning: Bones digested - 65  Depth of hierarchy - 12
[2020.01.05-18.37.40:281][119]LogShaderCompilers: Display: Worker (5/13): shaders left to compile 39
[2020.01.05-18.37.40:340][119]LogShaderCompilers: Display: Worker (9/13): shaders left to compile 35
[2020.01.05-18.37.40:341][119]LogSkeletalMesh: Section 0: 5631 vertices, 52 active bones
[2020.01.05-18.37.40:342][119]LogSkeletalMesh: Section 0: Material=0, 9619 triangles
[2020.01.05-18.37.40:383][119]LogSkeletalMesh: Building Skeletal Mesh Anim_Zombie_Jump_Idle_Air...
[2020.01.05-18.37.40:409][119]LogSkeletalMesh: Built Skeletal Mesh [0.03s] /Game/PINEAU/Characters/Animations/Anim_Zombie_Jump_Idle_Air.Anim_Zombie_Jump_Idle_Air
[2020.01.05-18.37.40:419][119]LogShaderCompilers: Display: Worker (8/13): shaders left to compile 32
[2020.01.05-18.37.40:419][119]LogLinker: Failed to load '/Game/PINEAU/Characters/Animations/Anim_Zombie_Jump_Idle_Air_PhysicsAsset': Can't find file.
[2020.01.05-18.37.40:419][119]LogLinker: Failed to load '/Game/PINEAU/Characters/Animations/Anim_Zombie_Jump_Idle_Air_PhysicsAsset': Can't find file.
[2020.01.05-18.37.40:432][119]LogWorld: UWorld::CleanupWorld for World_8, bSessionEnded=true, bCleanupResources=true
[2020.01.05-18.37.40:442][119]LogFbx: SortedLinks :(0) Hips
[2020.01.05-18.37.40:442][119]LogFbx: SortedLinks :(1) Spine
[2020.01.05-18.37.40:442][119]LogFbx: SortedLinks :(2) Spine1
[2020.01.05-18.37.40:442][119]LogFbx: SortedLinks :(3) Spine2
[2020.01.05-18.37.40:442][119]LogFbx: SortedLinks :(4) Neck
[2020.01.05-18.37.40:442][119]LogFbx: SortedLinks :(5) Head
[2020.01.05-18.37.40:442][119]LogFbx: SortedLinks :(6) HeadTop_End
[2020.01.05-18.37.40:443][119]LogFbx: SortedLinks :(7) LeftShoulder
[2020.01.05-18.37.40:443][119]LogFbx: SortedLinks :(8) LeftArm
[2020.01.05-18.37.40:443][119]LogFbx: SortedLinks :(9) LeftForeArm
[2020.01.05-18.37.40:443][119]LogFbx: SortedLinks :(10) LeftHand
[2020.01.05-18.37.40:443][119]LogFbx: SortedLinks :(11) LeftHandMiddle1
[2020.01.05-18.37.40:443][119]LogFbx: SortedLinks :(12) LeftHandMiddle2
[2020.01.05-18.37.40:443][119]LogFbx: SortedLinks :(13) LeftHandMiddle3
[2020.01.05-18.37.40:443][119]LogFbx: SortedLinks :(14) LeftHandMiddle4
[2020.01.05-18.37.40:443][119]LogFbx: SortedLinks :(15) LeftHandThumb1
[2020.01.05-18.37.40:443][119]LogFbx: SortedLinks :(16) LeftHandThumb2
[2020.01.05-18.37.40:443][119]LogFbx: SortedLinks :(17) LeftHandThumb3
[2020.01.05-18.37.40:443][119]LogFbx: SortedLinks :(18) LeftHandThumb4
[2020.01.05-18.37.40:443][119]LogFbx: SortedLinks :(19) LeftHandIndex1
[2020.01.05-18.37.40:443][119]LogFbx: SortedLinks :(20) LeftHandIndex2
[2020.01.05-18.37.40:443][119]LogFbx: SortedLinks :(21) LeftHandIndex3
[2020.01.05-18.37.40:443][119]LogFbx: SortedLinks :(22) LeftHandIndex4
[2020.01.05-18.37.40:443][119]LogFbx: SortedLinks :(23) LeftHandRing1
[2020.01.05-18.37.40:443][119]LogFbx: SortedLinks :(24) LeftHandRing2
[2020.01.05-18.37.40:443][119]LogFbx: SortedLinks :(25) LeftHandRing3
[2020.01.05-18.37.40:443][119]LogFbx: SortedLinks :(26) LeftHandRing4
[2020.01.05-18.37.40:443][119]LogFbx: SortedLinks :(27) LeftHandPinky1
[2020.01.05-18.37.40:443][119]LogFbx: SortedLinks :(28) LeftHandPinky2
[2020.01.05-18.37.40:443][119]LogFbx: SortedLinks :(29) LeftHandPinky3
[2020.01.05-18.37.40:443][119]LogFbx: SortedLinks :(30) LeftHandPinky4
[2020.01.05-18.37.40:443][119]LogFbx: SortedLinks :(31) RightShoulder
[2020.01.05-18.37.40:443][119]LogFbx: SortedLinks :(32) RightArm
[2020.01.05-18.37.40:443][119]LogFbx: SortedLinks :(33) RightForeArm
[2020.01.05-18.37.40:443][119]LogFbx: SortedLinks :(34) RightHand
[2020.01.05-18.37.40:443][119]LogFbx: SortedLinks :(35) RightHandThumb1
[2020.01.05-18.37.40:443][119]LogFbx: SortedLinks :(36) RightHandThumb2
[2020.01.05-18.37.40:443][119]LogFbx: SortedLinks :(37) RightHandThumb3
[2020.01.05-18.37.40:443][119]LogFbx: SortedLinks :(38) RightHandThumb4
[2020.01.05-18.37.40:443][119]LogFbx: SortedLinks :(39) RightHandIndex1
[2020.01.05-18.37.40:443][119]LogFbx: SortedLinks :(40) RightHandIndex2
[2020.01.05-18.37.40:443][119]LogFbx: SortedLinks :(41) RightHandIndex3
[2020.01.05-18.37.40:443][119]LogFbx: SortedLinks :(42) RightHandIndex4
[2020.01.05-18.37.40:443][119]LogFbx: SortedLinks :(43) RightHandMiddle1
[2020.01.05-18.37.40:443][119]LogFbx: SortedLinks :(44) RightHandMiddle2
[2020.01.05-18.37.40:443][119]LogFbx: SortedLinks :(45) RightHandMiddle3
[2020.01.05-18.37.40:443][119]LogFbx: SortedLinks :(46) RightHandMiddle4
[2020.01.05-18.37.40:443][119]LogFbx: SortedLinks :(47) RightHandRing1
[2020.01.05-18.37.40:443][119]LogFbx: SortedLinks :(48) RightHandRing2
[2020.01.05-18.37.40:443][119]LogFbx: SortedLinks :(49) RightHandRing3
[2020.01.05-18.37.40:443][119]LogFbx: SortedLinks :(50) RightHandRing4
[2020.01.05-18.37.40:443][119]LogFbx: SortedLinks :(51) RightHandPinky1
[2020.01.05-18.37.40:443][119]LogFbx: SortedLinks :(52) RightHandPinky2
[2020.01.05-18.37.40:443][119]LogFbx: SortedLinks :(53) RightHandPinky3
[2020.01.05-18.37.40:443][119]LogFbx: SortedLinks :(54) RightHandPinky4
[2020.01.05-18.37.40:443][119]LogFbx: SortedLinks :(55) LeftUpLeg
[2020.01.05-18.37.40:444][119]LogFbx: SortedLinks :(56) LeftLeg
[2020.01.05-18.37.40:444][119]LogFbx: SortedLinks :(57) LeftFoot
[2020.01.05-18.37.40:444][119]LogFbx: SortedLinks :(58) LeftToeBase
[2020.01.05-18.37.40:444][119]LogFbx: SortedLinks :(59) LeftToe_End
[2020.01.05-18.37.40:444][119]LogFbx: SortedLinks :(60) RightUpLeg
[2020.01.05-18.37.40:444][119]LogFbx: SortedLinks :(61) RightLeg
[2020.01.05-18.37.40:444][119]LogFbx: SortedLinks :(62) RightFoot
[2020.01.05-18.37.40:444][119]LogFbx: SortedLinks :(63) RightToeBase
[2020.01.05-18.37.40:444][119]LogFbx: SortedLinks :(64) RightToe_End
[2020.01.05-18.37.40:444][119]LogFbx: SortedLinks :(0) Hips
[2020.01.05-18.37.40:444][119]LogFbx: SortedLinks :(1) Spine
[2020.01.05-18.37.40:444][119]LogFbx: SortedLinks :(2) Spine1
[2020.01.05-18.37.40:444][119]LogFbx: SortedLinks :(3) Spine2
[2020.01.05-18.37.40:444][119]LogFbx: SortedLinks :(4) Neck
[2020.01.05-18.37.40:444][119]LogFbx: SortedLinks :(5) Head
[2020.01.05-18.37.40:444][119]LogFbx: SortedLinks :(6) HeadTop_End
[2020.01.05-18.37.40:444][119]LogFbx: SortedLinks :(7) LeftShoulder
[2020.01.05-18.37.40:444][119]LogFbx: SortedLinks :(8) LeftArm
[2020.01.05-18.37.40:444][119]LogFbx: SortedLinks :(9) LeftForeArm
[2020.01.05-18.37.40:444][119]LogFbx: SortedLinks :(10) LeftHand
[2020.01.05-18.37.40:444][119]LogFbx: SortedLinks :(11) LeftHandMiddle1
[2020.01.05-18.37.40:444][119]LogFbx: SortedLinks :(12) LeftHandMiddle2
[2020.01.05-18.37.40:444][119]LogFbx: SortedLinks :(13) LeftHandMiddle3
[2020.01.05-18.37.40:444][119]LogFbx: SortedLinks :(14) LeftHandMiddle4
[2020.01.05-18.37.40:444][119]LogFbx: SortedLinks :(15) LeftHandThumb1
[2020.01.05-18.37.40:444][119]LogFbx: SortedLinks :(16) LeftHandThumb2
[2020.01.05-18.37.40:444][119]LogFbx: SortedLinks :(17) LeftHandThumb3
[2020.01.05-18.37.40:444][119]LogFbx: SortedLinks :(18) LeftHandThumb4
[2020.01.05-18.37.40:444][119]LogFbx: SortedLinks :(19) LeftHandIndex1
[2020.01.05-18.37.40:444][119]LogFbx: SortedLinks :(20) LeftHandIndex2
[2020.01.05-18.37.40:444][119]LogFbx: SortedLinks :(21) LeftHandIndex3
[2020.01.05-18.37.40:444][119]LogFbx: SortedLinks :(22) LeftHandIndex4
[2020.01.05-18.37.40:444][119]LogFbx: SortedLinks :(23) LeftHandRing1
[2020.01.05-18.37.40:444][119]LogFbx: SortedLinks :(24) LeftHandRing2
[2020.01.05-18.37.40:444][119]LogFbx: SortedLinks :(25) LeftHandRing3
[2020.01.05-18.37.40:444][119]LogFbx: SortedLinks :(26) LeftHandRing4
[2020.01.05-18.37.40:444][119]LogFbx: SortedLinks :(27) LeftHandPinky1
[2020.01.05-18.37.40:444][119]LogFbx: SortedLinks :(28) LeftHandPinky2
[2020.01.05-18.37.40:444][119]LogFbx: SortedLinks :(29) LeftHandPinky3
[2020.01.05-18.37.40:444][119]LogFbx: SortedLinks :(30) LeftHandPinky4
[2020.01.05-18.37.40:444][119]LogFbx: SortedLinks :(31) RightShoulder
[2020.01.05-18.37.40:444][119]LogFbx: SortedLinks :(32) RightArm
[2020.01.05-18.37.40:444][119]LogFbx: SortedLinks :(33) RightForeArm
[2020.01.05-18.37.40:444][119]LogFbx: SortedLinks :(34) RightHand
[2020.01.05-18.37.40:444][119]LogFbx: SortedLinks :(35) RightHandThumb1
[2020.01.05-18.37.40:444][119]LogFbx: SortedLinks :(36) RightHandThumb2
[2020.01.05-18.37.40:444][119]LogFbx: SortedLinks :(37) RightHandThumb3
[2020.01.05-18.37.40:444][119]LogFbx: SortedLinks :(38) RightHandThumb4
[2020.01.05-18.37.40:444][119]LogFbx: SortedLinks :(39) RightHandIndex1
[2020.01.05-18.37.40:444][119]LogFbx: SortedLinks :(40) RightHandIndex2
[2020.01.05-18.37.40:444][119]LogFbx: SortedLinks :(41) RightHandIndex3
[2020.01.05-18.37.40:445][119]LogFbx: SortedLinks :(42) RightHandIndex4
[2020.01.05-18.37.40:445][119]LogFbx: SortedLinks :(43) RightHandMiddle1
[2020.01.05-18.37.40:445][119]LogFbx: SortedLinks :(44) RightHandMiddle2
[2020.01.05-18.37.40:445][119]LogFbx: SortedLinks :(45) RightHandMiddle3
[2020.01.05-18.37.40:445][119]LogFbx: SortedLinks :(46) RightHandMiddle4
[2020.01.05-18.37.40:445][119]LogFbx: SortedLinks :(47) RightHandRing1
[2020.01.05-18.37.40:445][119]LogFbx: SortedLinks :(48) RightHandRing2
[2020.01.05-18.37.40:445][119]LogFbx: SortedLinks :(49) RightHandRing3
[2020.01.05-18.37.40:445][119]LogFbx: SortedLinks :(50) RightHandRing4
[2020.01.05-18.37.40:445][119]LogFbx: SortedLinks :(51) RightHandPinky1
[2020.01.05-18.37.40:445][119]LogFbx: SortedLinks :(52) RightHandPinky2
[2020.01.05-18.37.40:445][119]LogFbx: SortedLinks :(53) RightHandPinky3
[2020.01.05-18.37.40:445][119]LogFbx: SortedLinks :(54) RightHandPinky4
[2020.01.05-18.37.40:445][119]LogFbx: SortedLinks :(55) LeftUpLeg
[2020.01.05-18.37.40:445][119]LogFbx: SortedLinks :(56) LeftLeg
[2020.01.05-18.37.40:445][119]LogFbx: SortedLinks :(57) LeftFoot
[2020.01.05-18.37.40:445][119]LogFbx: SortedLinks :(58) LeftToeBase
[2020.01.05-18.37.40:445][119]LogFbx: SortedLinks :(59) LeftToe_End
[2020.01.05-18.37.40:445][119]LogFbx: SortedLinks :(60) RightUpLeg
[2020.01.05-18.37.40:445][119]LogFbx: SortedLinks :(61) RightLeg
[2020.01.05-18.37.40:445][119]LogFbx: SortedLinks :(62) RightFoot
[2020.01.05-18.37.40:445][119]LogFbx: SortedLinks :(63) RightToeBase
[2020.01.05-18.37.40:445][119]LogFbx: SortedLinks :(64) RightToe_End
[2020.01.05-18.37.40:447][119]LogFbx: Parsing AnimStack Take 001
[2020.01.05-18.37.40:447][119]LogLinker: Failed to load '/Game/PINEAU/Characters/Animations/Anim_Zombie_Jump_Idle_Air_Anim_Take_001': Can't find file.
[2020.01.05-18.37.40:447][119]LogLinker: Failed to load '/Game/PINEAU/Characters/Animations/Anim_Zombie_Jump_Idle_Air_Anim_Take_001': Can't find file.
[2020.01.05-18.37.40:555][119]LogShaderCompilers: Display: Worker (10/13): shaders left to compile 29
[2020.01.05-18.37.40:726][119]LogAnimationCompression: Building Anim DDC data for AnimSequence /Game/PINEAU/Characters/Animations/Anim_Zombie_Jump_Idle_Air_Anim_Take_001.Anim_Zombie_Jump_Idle_Air_Anim_Take_001
[2020.01.05-18.37.40:726][119]LogAnimationCompression: Recompressing (AnimSequence /Game/PINEAU/Characters/Animations/Anim_Zombie_Jump_Idle_Air_Anim_Take_001.Anim_Zombie_Jump_Idle_Air_Anim_Take_001) using current/default (AnimCompress_BitwiseCompressOnly_0) bFirstRecompressUsingCurrentOrDefault(1) bTryAlternateCompressor(0) IsCompressedDataValid(0)
[2020.01.05-18.37.40:731][119]LogFbx: Parsing AnimStack mixamo.com
[2020.01.05-18.37.40:732][119]LogLinker: Failed to load '/Game/PINEAU/Characters/Animations/Anim_Zombie_Jump_Idle_Air_Anim_mixamo_com': Can't find file.
[2020.01.05-18.37.40:732][119]LogLinker: Failed to load '/Game/PINEAU/Characters/Animations/Anim_Zombie_Jump_Idle_Air_Anim_mixamo_com': Can't find file.
[2020.01.05-18.37.40:737][119]LogShaderCompilers: Display: Worker (4/13): shaders left to compile 26
[2020.01.05-18.37.40:823][119]LogShaderCompilers: Display: Worker (2/13): shaders left to compile 23
[2020.01.05-18.37.41:014][119]LogShaderCompilers: Display: Worker (5/13): shaders left to compile 21
[2020.01.05-18.37.41:031][119]LogShaderCompilers: Display: Worker (3/13): shaders left to compile 19
[2020.01.05-18.37.41:073][119]LogShaderCompilers: Display: Worker (9/13): shaders left to compile 17
[2020.01.05-18.37.41:240][119]LogAnimationCompression: Building Anim DDC data for AnimSequence /Game/PINEAU/Characters/Animations/Anim_Zombie_Jump_Idle_Air_Anim_mixamo_com.Anim_Zombie_Jump_Idle_Air_Anim_mixamo_com
[2020.01.05-18.37.41:240][119]LogAnimationCompression: Recompressing (AnimSequence /Game/PINEAU/Characters/Animations/Anim_Zombie_Jump_Idle_Air_Anim_mixamo_com.Anim_Zombie_Jump_Idle_Air_Anim_mixamo_com) using current/default (AnimCompress_BitwiseCompressOnly_0) bFirstRecompressUsingCurrentOrDefault(1) bTryAlternateCompressor(0) IsCompressedDataValid(0)
[2020.01.05-18.37.41:248][119]LogSkeletalMesh: Building Skeletal Mesh Anim_Zombie_Jump_Idle_Air...
[2020.01.05-18.37.41:273][119]LogShaderCompilers: Display: Worker (6/13): shaders left to compile 15
[2020.01.05-18.37.41:273][119]LogSkeletalMesh: Built Skeletal Mesh [0.03s] /Game/PINEAU/Characters/Animations/Anim_Zombie_Jump_Idle_Air.Anim_Zombie_Jump_Idle_Air
[2020.01.05-18.37.41:291][119]FBXImport: Warning: No smoothing group information was found in this FBX scene.  Please make sure to enable the 'Export Smoothing Groups' option in the FBX Exporter plug-in before exporting the file.  Even for tools that don't support smoothing groups, the FBX Exporter will generate appropriate smoothing data at export-time so that correct vertex normals can be inferred while importing. 
[2020.01.05-18.37.41:306][119]LogSkeletalMesh: Building Skeletal Mesh Anim_Zombie_Jump_Idle_Air...
[2020.01.05-18.37.41:325][119]LogSkeletalMesh: Built Skeletal Mesh [0.02s] /Game/PINEAU/Characters/Animations/Anim_Zombie_Jump_Idle_Air.Anim_Zombie_Jump_Idle_Air
[2020.01.05-18.37.41:415][120]LogShaderCompilers: Display: Worker (11/13): shaders left to compile 13
[2020.01.05-18.37.41:579][122]LogShaderCompilers: Display: Worker (5/13): shaders left to compile 11
[2020.01.05-18.37.41:579][122]LogShaderCompilers: Display: Worker (3/13): shaders left to compile 10
[2020.01.05-18.37.41:602][123]LogShaderCompilers: Display: Worker (9/13): shaders left to compile 9
[2020.01.05-18.37.41:665][124]LogShaderCompilers: Display: Worker (7/13): shaders left to compile 8
[2020.01.05-18.37.41:712][125]LogShaderCompilers: Display: Worker (8/13): shaders left to compile 7
[2020.01.05-18.37.41:712][125]LogShaderCompilers: Display: Worker (2/13): shaders left to compile 6
[2020.01.05-18.37.41:739][126]LogShaderCompilers: Display: Worker (6/13): shaders left to compile 5
[2020.01.05-18.37.41:793][128]LogShaderCompilers: Display: Worker (10/13): shaders left to compile 4
[2020.01.05-18.37.41:857][132]LogShaderCompilers: Display: Worker (5/13): shaders left to compile 3
[2020.01.05-18.37.41:945][137]LogShaderCompilers: Display: Worker (12/13): shaders left to compile 2
[2020.01.05-18.37.41:979][139]LogShaderCompilers: Display: Worker (7/13): shaders left to compile 1
[2020.01.05-18.37.42:527][189]LogSlate: Window 'Message Log' being destroyed
[2020.01.05-18.37.42:530][189]LogSlate: Window 'Message Log' being destroyed
[2020.01.05-18.37.46:773][612]LogUObjectHash: Compacting FUObjectHashTables data took   1.47ms
[2020.01.05-18.37.47:984][612]LogSlate: Window 'Delete Assets' being destroyed
[2020.01.05-18.37.49:003][612]LogUObjectGlobals: Force Deleting 5 Package(s):
	Asset Name: /Game/PINEAU/Characters/Animations/Anim_Zombie_Jump_Idle_Air_PhysicsAsset.Anim_Zombie_Jump_Idle_Air_PhysicsAsset
	Asset Name: /Game/PINEAU/Characters/Animations/Anim_Zombie_Jump_Idle_Air.Anim_Zombie_Jump_Idle_Air
	Asset Name: /Game/PINEAU/Characters/Animations/pumpkinHulk_diffuse.pumpkinHulk_diffuse
	Asset Name: /Game/PINEAU/Characters/Animations/PumpkinHulk_Material.PumpkinHulk_Material
	Asset Name: /Game/PINEAU/Characters/Animations/pumpkinHulk_normal.pumpkinHulk_normal
[2020.01.05-18.37.49:381][612]LogMaterial: Display: Missing cached shader map for material PumpkinHulk_Material, compiling. 
[2020.01.05-18.37.49:382][612]LogMaterial: Warning: /Game/PINEAU/Characters/Animations/PumpkinHulk_Material.PumpkinHulk_Material (no disk path found): Failed to compile Material for platform PCD3D_SM5, Default Material will be used in game.
[2020.01.05-18.37.49:382][612]LogMaterial: Display: 	(Node TextureSample) Texture Sample> Missing input texture
[2020.01.05-18.37.49:385][612]LogMaterial: Display: Missing cached shader map for material PumpkinHulk_Material, compiling. 
[2020.01.05-18.37.49:385][612]LogMaterial: Warning: /Game/PINEAU/Characters/Animations/PumpkinHulk_Material.PumpkinHulk_Material (no disk path found): Failed to compile Material for platform PCD3D_SM5, Default Material will be used in game.
[2020.01.05-18.37.49:385][612]LogMaterial: Display: 	(Node TextureSample) Texture Sample> Missing input texture
[2020.01.05-18.37.49:386][612]LogSkeletalMesh: Building Skeletal Mesh Anim_Zombie_Jump_Idle_Air...
[2020.01.05-18.37.49:394][612]LogSkeletalMesh: Built Skeletal Mesh [0.01s] /Game/PINEAU/Characters/Animations/Anim_Zombie_Jump_Idle_Air.Anim_Zombie_Jump_Idle_Air
[2020.01.05-18.37.49:401][612]LogSkeletalMesh: Building Skeletal Mesh Anim_Zombie_Jump_Idle_Air...
[2020.01.05-18.37.49:409][612]LogSkeletalMesh: Built Skeletal Mesh [0.01s] /Game/PINEAU/Characters/Animations/Anim_Zombie_Jump_Idle_Air.Anim_Zombie_Jump_Idle_Air
[2020.01.05-18.37.49:935][612]LogUObjectHash: Compacting FUObjectHashTables data took   1.29ms
[2020.01.05-18.38.05:955][ 84]LogSavePackage: Moving 'E:/UE4CyrilRendu/PINEAU/Saved/Anim_Zombie_Jump_Idle_Air_AnimB71E67E1444832137A36508DDD2FEFD9.tmp' to 'E:/UE4CyrilRendu/PINEAU/Content/PINEAU/Characters/Animations/Anim_Zombie_Jump_Idle_Air_Anim.uasset'
[2020.01.05-18.38.06:061][ 84]LogUObjectHash: Compacting FUObjectHashTables data took   1.30ms
[2020.01.05-18.38.06:096][ 84]LogUObjectHash: Compacting FUObjectHashTables data took   1.45ms
[2020.01.05-18.38.06:127][ 84]LogUObjectHash: Compacting FUObjectHashTables data took   0.74ms
[2020.01.05-18.38.19:369][328]Cmd: OBJ SAVEPACKAGE PACKAGE="/Game/PINEAU/Characters/Animations/Anim_Zombie_Jump_Idle_Air" FILE="E:/UE4CyrilRendu/PINEAU/Content/PINEAU/Characters/Animations/Anim_Zombie_Jump_Idle_Air.uasset" SILENT=true
[2020.01.05-18.38.19:384][328]LogSavePackage: Moving 'E:/UE4CyrilRendu/PINEAU/Saved/Anim_Zombie_Jump_Idle_AirF20E69EF40B0E1C7AFE69F91445B9B7D.tmp' to 'E:/UE4CyrilRendu/PINEAU/Content/PINEAU/Characters/Animations/Anim_Zombie_Jump_Idle_Air.uasset'
[2020.01.05-18.38.19:493][328]LogUObjectHash: Compacting FUObjectHashTables data took   0.65ms
[2020.01.05-18.38.19:529][328]LogUObjectHash: Compacting FUObjectHashTables data took   1.47ms
[2020.01.05-18.38.19:561][328]LogUObjectHash: Compacting FUObjectHashTables data took   0.72ms
[2020.01.05-18.38.29:825][413]LogAssetEditorManager: Opening Asset editor for AnimBlueprint /Game/PINEAU/Blueprints/Anim_BP_Zombie.Anim_BP_Zombie
[2020.01.05-18.38.29:836][413]LogActorComponent: RegisterComponentWithWorld: (/Engine/Transient.World_10:PersistentLevel.AnimationEditorPreviewActor_0.DebugSkelMeshComponent_0) Already registered. Aborting.
[2020.01.05-18.38.30:047][413]LogContentBrowser: Native class hierarchy updated for 'BlueprintGraph' in 0.0005 seconds. Added 121 classes and 0 folders.
[2020.01.05-18.38.30:742][413]LogSkeletalMesh: USkeletalMeshComponent::InitArticulated : Bodies already created (/Engine/Transient.World_10:PersistentLevel.AnimationEditorPreviewActor_0.DebugSkelMeshComponent_0) - call TermArticulated first.
[2020.01.05-18.38.30:958][413]LogSlate: Took 0.000200 seconds to synchronously load lazily loaded font '../../../Engine/Content/Slate/Fonts/Roboto-BoldCondensed.ttf' (158K)
[2020.01.05-18.38.31:054][414]LogSlate: Took 0.000213 seconds to synchronously load lazily loaded font '../../../Engine/Content/Slate/Fonts/Roboto-Italic.ttf' (157K)
[2020.01.05-18.39.05:772][374]Cmd: OBJ SAVEPACKAGE PACKAGE="/Game/PINEAU/Blueprints/Anim_BP_Zombie" FILE="E:/UE4CyrilRendu/PINEAU/Content/PINEAU/Blueprints/Anim_BP_Zombie.uasset" SILENT=true
[2020.01.05-18.39.05:859][374]LogSavePackage: Moving 'E:/UE4CyrilRendu/PINEAU/Saved/Anim_BP_Zombie4D910CE544C8858A5C8489B636D8FCEB.tmp' to 'E:/UE4CyrilRendu/PINEAU/Content/PINEAU/Blueprints/Anim_BP_Zombie.uasset'
[2020.01.05-18.39.22:690][309]BlueprintLog: New page: Compile Anim_BP_Zombie
[2020.01.05-18.39.22:921][309]LogUObjectHash: Compacting FUObjectHashTables data took   3.61ms
[2020.01.05-18.39.30:646][224]Cmd: OBJ SAVEPACKAGE PACKAGE="/Game/PINEAU/Blueprints/Anim_BP_Zombie" FILE="E:/UE4CyrilRendu/PINEAU/Content/PINEAU/Blueprints/Anim_BP_Zombie.uasset" SILENT=true
[2020.01.05-18.39.30:729][224]LogSavePackage: Moving 'E:/UE4CyrilRendu/PINEAU/Saved/Anim_BP_ZombieD09825D14EE1256EEF649D9B76A53EB4.tmp' to 'E:/UE4CyrilRendu/PINEAU/Content/PINEAU/Blueprints/Anim_BP_Zombie.uasset'
[2020.01.05-18.39.39:239][210]LogContentBrowser: Verbose: The majority of assets in the view are of type: AnimSequence
[2020.01.05-18.39.47:928][230]LogAssetEditorManager: Opening Asset editor for AnimSequence /Game/PINEAU/Characters/Animations/Anim_Zombie_Jump_Idle_Air.Anim_Zombie_Jump_Idle_Air
[2020.01.05-18.39.55:667][145]LogAnimationCompression: Building Anim DDC data for AnimSequence /Game/PINEAU/Characters/Animations/Anim_Zombie_Jump_Idle_Air.Anim_Zombie_Jump_Idle_Air
[2020.01.05-18.39.55:667][145]LogAnimationCompression: Recompressing (AnimSequence /Game/PINEAU/Characters/Animations/Anim_Zombie_Jump_Idle_Air.Anim_Zombie_Jump_Idle_Air) using current/default (AnimCompress_BitwiseCompressOnly_0) bFirstRecompressUsingCurrentOrDefault(1) bTryAlternateCompressor(0) IsCompressedDataValid(0)
[2020.01.05-18.40.05:299][298]LogAnimationCompression: Building Anim DDC data for AnimSequence /Game/PINEAU/Characters/Animations/Anim_Zombie_Jump_Idle_Air.Anim_Zombie_Jump_Idle_Air
[2020.01.05-18.40.05:299][298]LogAnimationCompression: Recompressing (AnimSequence /Game/PINEAU/Characters/Animations/Anim_Zombie_Jump_Idle_Air.Anim_Zombie_Jump_Idle_Air) using current/default (AnimCompress_BitwiseCompressOnly_0) bFirstRecompressUsingCurrentOrDefault(1) bTryAlternateCompressor(0) IsCompressedDataValid(0)
[2020.01.05-18.40.08:026][621]Cmd: OBJ SAVEPACKAGE PACKAGE="/Game/PINEAU/Characters/Animations/Anim_Zombie_Jump_Idle_Air" FILE="E:/UE4CyrilRendu/PINEAU/Content/PINEAU/Characters/Animations/Anim_Zombie_Jump_Idle_Air.uasset" SILENT=true
[2020.01.05-18.40.08:041][621]LogSavePackage: Moving 'E:/UE4CyrilRendu/PINEAU/Saved/Anim_Zombie_Jump_Idle_AirE7946002407D994D6FC1F9BEC89E1C85.tmp' to 'E:/UE4CyrilRendu/PINEAU/Content/PINEAU/Characters/Animations/Anim_Zombie_Jump_Idle_Air.uasset'
[2020.01.05-18.40.10:203][877]LogTemp: Repeating last play command: Selected Viewport
[2020.01.05-18.40.10:218][877]LogBlueprintUserMessages: Early PlayInEditor Detection: Level '/Game/PINEAU/Maps/Overview.Overview:PersistentLevel' has LevelScriptBlueprint '/Game/PINEAU/Maps/Overview.Overview:PersistentLevel.Overview' with GeneratedClass '/Game/PINEAU/Maps/Overview.Overview_C' with ClassGeneratedBy '/Game/PINEAU/Maps/Overview.Overview:PersistentLevel.Overview'
[2020.01.05-18.40.10:218][877]BlueprintLog: New page: Pre-Play auto-recompile
[2020.01.05-18.40.10:219][877]LogPlayLevel: [PlayLevel] Compiling Anim_BP_Zombie before play...
[2020.01.05-18.40.10:434][877]LogUObjectHash: Compacting FUObjectHashTables data took   3.31ms
[2020.01.05-18.40.10:435][877]LogPlayLevel: PlayLevel: Blueprint regeneration took 216 ms (1 blueprints)
[2020.01.05-18.40.10:435][877]LogHMD: Initializing OVRPlugin session
[2020.01.05-18.40.10:509][877]LogHMD: Allocating Oculus 3296 x 1776 rendertarget swapchain
[2020.01.05-18.40.10:510][877]PIE: New page: PIE session: Overview (5 janv. 2020 20:40:10)
[2020.01.05-18.40.10:510][877]LogPlayLevel: Creating play world package: /Game/PINEAU/Maps/UEDPIE_0_Overview
[2020.01.05-18.40.10:550][877]LogPlayLevel: PIE: StaticDuplicateObject took: (0.040625s)
[2020.01.05-18.40.10:551][877]LogAIModule: Creating AISystem for world Overview
[2020.01.05-18.40.10:551][877]LogPlayLevel: PIE: World Init took: (0.000792s)
[2020.01.05-18.40.10:551][877]LogPlayLevel: PIE: Created PIE world by copying editor world from /Game/PINEAU/Maps/Overview.Overview to /Game/PINEAU/Maps/UEDPIE_0_Overview.Overview (0.041533s)
[2020.01.05-18.40.10:584][877]LogUObjectHash: Compacting FUObjectHashTables data took   2.16ms
[2020.01.05-18.40.10:626][877]LogInit: XAudio2 using 'Casque pour téléphone (Sennheiser Communication Audio)' : 2 channels at 44.1 kHz using 16 bits per sample (channel mask 0x3)
[2020.01.05-18.40.10:636][877]LogInit: FAudioDevice initialized.
[2020.01.05-18.40.10:646][877]LogLoad: Game class is 'BP_Gamemode_ZombieSpawn_C'
[2020.01.05-18.40.10:647][877]LogWorld: Bringing World /Game/PINEAU/Maps/UEDPIE_0_Overview.Overview up for play (max tick rate 0) at 2020.01.05-19.40.10
[2020.01.05-18.40.10:647][877]LogWorld: Bringing up level for play took: 0.000927
[2020.01.05-18.40.10:647][877]LogOnline: OSS: Creating online subsystem instance for: :Context_16
[2020.01.05-18.40.10:649][877]PIE: Play in editor start time for /Game/PINEAU/Maps/UEDPIE_0_Overview 0,799
[2020.01.05-18.40.10:649][877]LogBlueprintUserMessages: Late PlayInEditor Detection: Level '/Game/PINEAU/Maps/Overview.Overview:PersistentLevel' has LevelScriptBlueprint '/Game/PINEAU/Maps/Overview.Overview:PersistentLevel.Overview' with GeneratedClass '/Game/PINEAU/Maps/Overview.Overview_C' with ClassGeneratedBy '/Game/PINEAU/Maps/Overview.Overview:PersistentLevel.Overview'
[2020.01.05-18.40.10:650][877]LogInput: Error: Duplicate mapping of key Gamepad_LeftY for axis Forward
[2020.01.05-18.40.28:994][ 75]LogBlueprintUserMessages: Early EndPlayMap Detection: Level '/Game/PINEAU/Maps/Overview.Overview:PersistentLevel' has LevelScriptBlueprint '/Game/PINEAU/Maps/Overview.Overview:PersistentLevel.Overview' with GeneratedClass '/Game/PINEAU/Maps/Overview.Overview_C' with ClassGeneratedBy '/Game/PINEAU/Maps/Overview.Overview:PersistentLevel.Overview'
[2020.01.05-18.40.28:998][ 75]LogSlate: Updating window title bar state: overlay mode, drag disabled, window buttons hidden, title bar hidden
[2020.01.05-18.40.28:998][ 75]LogWorld: BeginTearingDown for /Game/PINEAU/Maps/UEDPIE_0_Overview
[2020.01.05-18.40.28:998][ 75]LogWorld: UWorld::CleanupWorld for Overview, bSessionEnded=true, bCleanupResources=true
[2020.01.05-18.40.29:004][ 75]LogPlayLevel: Display: Shutting down PIE online subsystems
[2020.01.05-18.40.29:005][ 75]LogBlueprintUserMessages: Late EndPlayMap Detection: Level '/Game/PINEAU/Maps/Overview.Overview:PersistentLevel' has LevelScriptBlueprint '/Game/PINEAU/Maps/Overview.Overview:PersistentLevel.Overview' with GeneratedClass '/Game/PINEAU/Maps/Overview.Overview_C' with ClassGeneratedBy '/Game/PINEAU/Maps/Overview.Overview:PersistentLevel.Overview'
[2020.01.05-18.40.29:042][ 75]LogSlate: Updating window title bar state: overlay mode, drag disabled, window buttons hidden, title bar hidden
[2020.01.05-18.40.29:046][ 75]LogUObjectHash: Compacting FUObjectHashTables data took   2.28ms
[2020.01.05-18.40.29:098][ 79]LogPlayLevel: Display: Destroying online subsystem :Context_16
[2020.01.05-18.40.29:558][134]LogSlate: FSceneViewport::OnFocusLost() reason 0
[2020.01.05-18.40.36:407][946]BlueprintLog: New page: Compile Anim_BP_Zombie
[2020.01.05-18.40.36:615][946]LogUObjectHash: Compacting FUObjectHashTables data took   2.95ms
[2020.01.05-18.40.37:585][ 59]LogTemp: Repeating last play command: Selected Viewport
[2020.01.05-18.40.37:604][ 59]LogBlueprintUserMessages: Early PlayInEditor Detection: Level '/Game/PINEAU/Maps/Overview.Overview:PersistentLevel' has LevelScriptBlueprint '/Game/PINEAU/Maps/Overview.Overview:PersistentLevel.Overview' with GeneratedClass '/Game/PINEAU/Maps/Overview.Overview_C' with ClassGeneratedBy '/Game/PINEAU/Maps/Overview.Overview:PersistentLevel.Overview'
[2020.01.05-18.40.37:604][ 59]LogPlayLevel: PlayLevel: No blueprints needed recompiling
[2020.01.05-18.40.37:604][ 59]LogHMD: Initializing OVRPlugin session
[2020.01.05-18.40.37:682][ 59]LogHMD: Allocating Oculus 3296 x 1776 rendertarget swapchain
[2020.01.05-18.40.37:683][ 59]PIE: New page: PIE session: Overview (5 janv. 2020 20:40:37)
[2020.01.05-18.40.37:683][ 59]LogPlayLevel: Creating play world package: /Game/PINEAU/Maps/UEDPIE_0_Overview
[2020.01.05-18.40.37:724][ 59]LogPlayLevel: PIE: StaticDuplicateObject took: (0.040558s)
[2020.01.05-18.40.37:725][ 59]LogAIModule: Creating AISystem for world Overview
[2020.01.05-18.40.37:725][ 59]LogPlayLevel: PIE: World Init took: (0.000797s)
[2020.01.05-18.40.37:725][ 59]LogPlayLevel: PIE: Created PIE world by copying editor world from /Game/PINEAU/Maps/Overview.Overview to /Game/PINEAU/Maps/UEDPIE_0_Overview.Overview (0.041471s)
[2020.01.05-18.40.37:761][ 59]LogUObjectHash: Compacting FUObjectHashTables data took   3.13ms
[2020.01.05-18.40.37:803][ 59]LogInit: XAudio2 using 'Casque pour téléphone (Sennheiser Communication Audio)' : 2 channels at 44.1 kHz using 16 bits per sample (channel mask 0x3)
[2020.01.05-18.40.37:813][ 59]LogInit: FAudioDevice initialized.
[2020.01.05-18.40.37:820][ 59]LogSlate: Updating window title bar state: overlay mode, drag disabled, window buttons hidden, title bar hidden
[2020.01.05-18.40.37:820][ 59]LogLoad: Game class is 'BP_Gamemode_ZombieSpawn_C'
[2020.01.05-18.40.37:822][ 59]LogWorld: Bringing World /Game/PINEAU/Maps/UEDPIE_0_Overview.Overview up for play (max tick rate 0) at 2020.01.05-19.40.37
[2020.01.05-18.40.37:822][ 59]LogWorld: Bringing up level for play took: 0.001106
[2020.01.05-18.40.37:822][ 59]LogOnline: OSS: Creating online subsystem instance for: :Context_17
[2020.01.05-18.40.37:827][ 59]PIE: Play in editor start time for /Game/PINEAU/Maps/UEDPIE_0_Overview -0,023
[2020.01.05-18.40.37:827][ 59]LogBlueprintUserMessages: Late PlayInEditor Detection: Level '/Game/PINEAU/Maps/Overview.Overview:PersistentLevel' has LevelScriptBlueprint '/Game/PINEAU/Maps/Overview.Overview:PersistentLevel.Overview' with GeneratedClass '/Game/PINEAU/Maps/Overview.Overview_C' with ClassGeneratedBy '/Game/PINEAU/Maps/Overview.Overview:PersistentLevel.Overview'
[2020.01.05-18.40.37:827][ 59]LogInput: Error: Duplicate mapping of key Gamepad_LeftY for axis Forward
[2020.01.05-18.40.42:804][608]LogSlate: FSceneViewport::OnFocusLost() reason 0
[2020.01.05-18.40.58:151][371]LogBlueprintUserMessages: Early EndPlayMap Detection: Level '/Game/PINEAU/Maps/Overview.Overview:PersistentLevel' has LevelScriptBlueprint '/Game/PINEAU/Maps/Overview.Overview:PersistentLevel.Overview' with GeneratedClass '/Game/PINEAU/Maps/Overview.Overview_C' with ClassGeneratedBy '/Game/PINEAU/Maps/Overview.Overview:PersistentLevel.Overview'
[2020.01.05-18.40.58:155][371]LogSlate: Updating window title bar state: overlay mode, drag disabled, window buttons hidden, title bar hidden
[2020.01.05-18.40.58:155][371]LogWorld: BeginTearingDown for /Game/PINEAU/Maps/UEDPIE_0_Overview
[2020.01.05-18.40.58:170][371]LogSlate: Window 'PINEAU Game Preview Standalone (64-bit/PCD3D_SM5)' being destroyed
[2020.01.05-18.40.58:175][371]LogWorld: UWorld::CleanupWorld for Overview, bSessionEnded=true, bCleanupResources=true
[2020.01.05-18.40.58:184][371]LogPlayLevel: Display: Shutting down PIE online subsystems
[2020.01.05-18.40.58:184][371]LogBlueprintUserMessages: Late EndPlayMap Detection: Level '/Game/PINEAU/Maps/Overview.Overview:PersistentLevel' has LevelScriptBlueprint '/Game/PINEAU/Maps/Overview.Overview:PersistentLevel.Overview' with GeneratedClass '/Game/PINEAU/Maps/Overview.Overview_C' with ClassGeneratedBy '/Game/PINEAU/Maps/Overview.Overview:PersistentLevel.Overview'
[2020.01.05-18.40.58:224][371]LogUObjectHash: Compacting FUObjectHashTables data took   2.45ms
[2020.01.05-18.40.58:252][372]LogPlayLevel: Display: Destroying online subsystem :Context_17
[2020.01.05-18.41.07:069][ 58]LogUObjectHash: Compacting FUObjectHashTables data took   0.85ms
[2020.01.05-18.41.07:093][ 58]Cmd: OBJ SAVEPACKAGE PACKAGE="/Game/PINEAU/Blueprints/Anim_BP_Zombie" FILE="E:/UE4CyrilRendu/PINEAU/Content/PINEAU/Blueprints/Anim_BP_Zombie.uasset" SILENT=true
[2020.01.05-18.41.07:176][ 58]LogSavePackage: Moving 'E:/UE4CyrilRendu/PINEAU/Saved/Anim_BP_Zombie49C6C80140397010EF91DD8645EC2419.tmp' to 'E:/UE4CyrilRendu/PINEAU/Content/PINEAU/Blueprints/Anim_BP_Zombie.uasset'
[2020.01.05-18.41.07:208][ 58]LogSavePackage: Moving 'E:/UE4CyrilRendu/PINEAU/Saved/Anim_Zombie_Jump_Idle_Air_Anim_T93F196E445953186CE7346951368D8B4.tmp' to 'E:/UE4CyrilRendu/PINEAU/Content/PINEAU/Characters/Animations/Anim_Zombie_Jump_Idle_Air_Anim_Take_001.uasset'
