Log file open, 01/05/20 12:06:57
LogWindows: Failed to load 'aqProf.dll' (GetLastError=126)
LogWindows: File 'aqProf.dll' does not exist
LogWindows: Failed to load 'VtuneApi.dll' (GetLastError=126)
LogWindows: File 'VtuneApi.dll' does not exist
LogWindows: Failed to load 'VtuneApi32e.dll' (GetLastError=126)
LogWindows: File 'VtuneApi32e.dll' does not exist
LogConsoleResponse: Display: Failed to find resolution value strings in scalability ini. Falling back to default.
LogInit: Display: Running engine for game: PINEAU
LogPlatformFile: Not using cached read wrapper
LogTaskGraph: Started task graph with 5 named threads and 47 total threads with 3 sets of task threads.
LogStats: Stats thread started at 0.066845
LogD3D11RHI: Loaded GFSDK_Aftermath_Lib.x64.dll
LogICUInternationalization: ICU TimeZone Detection - Raw Offset: +1:00, Platform Override: ''
LogPluginManager: Mounting plugin Paper2D
LogPluginManager: Mounting plugin AISupport
LogPluginManager: Mounting plugin LightPropagationVolume
LogPluginManager: Mounting plugin ActorLayerUtilities
LogPluginManager: Mounting plugin AnimationSharing
LogPluginManager: Mounting plugin CLionSourceCodeAccess
LogPluginManager: Mounting plugin CodeLiteSourceCodeAccess
LogPluginManager: Mounting plugin GitSourceControl
LogPluginManager: Mounting plugin KDevelopSourceCodeAccess
LogPluginManager: Mounting plugin NullSourceCodeAccess
LogPluginManager: Mounting plugin PerforceSourceControl
LogPluginManager: Mounting plugin SubversionSourceControl
LogPluginManager: Mounting plugin UObjectPlugin
LogPluginManager: Mounting plugin VisualStudioCodeSourceCodeAccess
LogPluginManager: Mounting plugin VisualStudioSourceCodeAccess
LogPluginManager: Mounting plugin XCodeSourceCodeAccess
LogPluginManager: Mounting plugin AssetManagerEditor
LogPluginManager: Mounting plugin CryptoKeys
LogPluginManager: Mounting plugin CurveEditorTools
LogPluginManager: Mounting plugin DataValidation
LogPluginManager: Mounting plugin FacialAnimation
LogPluginManager: Mounting plugin GameplayTagsEditor
LogPluginManager: Mounting plugin MacGraphicsSwitching
LogPluginManager: Mounting plugin MaterialAnalyzer
LogPluginManager: Mounting plugin MobileLauncherProfileWizard
LogPluginManager: Mounting plugin PluginBrowser
LogPluginManager: Mounting plugin SpeedTreeImporter
LogPluginManager: Mounting plugin DatasmithContent
LogPluginManager: Mounting plugin VariantManagerContent
LogPluginManager: Mounting plugin AlembicImporter
LogPluginManager: Mounting plugin AutomationUtils
LogPluginManager: Mounting plugin BackChannel
LogPluginManager: Mounting plugin CharacterAI
LogPluginManager: Mounting plugin GeometryCache
LogPluginManager: Mounting plugin HTML5Networking
LogPluginManager: Mounting plugin PlatformCrypto
LogPluginManager: Mounting plugin ProxyLODPlugin
LogPluginManager: Mounting plugin SkeletalReduction
LogPluginManager: Mounting plugin MagicLeap
LogPluginManager: Mounting plugin MagicLeapMedia
LogPluginManager: Mounting plugin AndroidMedia
LogPluginManager: Mounting plugin AvfMedia
LogPluginManager: Mounting plugin ImgMedia
LogPluginManager: Mounting plugin MediaCompositing
LogPluginManager: Mounting plugin MediaPlayerEditor
LogPluginManager: Mounting plugin WebMMedia
LogPluginManager: Mounting plugin WmfMedia
LogPluginManager: Mounting plugin TcpMessaging
LogPluginManager: Mounting plugin UdpMessaging
LogPluginManager: Mounting plugin ActorSequence
LogPluginManager: Mounting plugin LevelSequenceEditor
LogPluginManager: Mounting plugin MatineeToLevelSequence
LogPluginManager: Mounting plugin NetcodeUnitTest
LogPluginManager: Mounting plugin NUTUnrealEngine4
LogPluginManager: Mounting plugin OnlineSubsystemGooglePlay
LogPluginManager: Mounting plugin OnlineSubsystemIOS
LogPluginManager: Mounting plugin OnlineSubsystem
LogPluginManager: Mounting plugin OnlineSubsystemNull
LogPluginManager: Mounting plugin OnlineSubsystemUtils
LogPluginManager: Mounting plugin LauncherChunkInstaller
LogPluginManager: Mounting plugin AndroidDeviceProfileSelector
LogPluginManager: Mounting plugin AndroidMoviePlayer
LogPluginManager: Mounting plugin AndroidPermission
LogPluginManager: Mounting plugin AppleImageUtils
LogPluginManager: Mounting plugin AppleMoviePlayer
LogPluginManager: Mounting plugin ArchVisCharacter
LogPluginManager: Mounting plugin AudioCapture
LogPluginManager: Mounting plugin CableComponent
LogPluginManager: Mounting plugin CustomMeshComponent
LogPluginManager: Mounting plugin EditableMesh
LogPluginManager: Mounting plugin ExampleDeviceProfileSelector
LogPluginManager: Mounting plugin GoogleCloudMessaging
LogPluginManager: Mounting plugin IOSDeviceProfileSelector
LogPluginManager: Mounting plugin LinuxDeviceProfileSelector
LogPluginManager: Mounting plugin LocationServicesBPLibrary
LogPluginManager: Mounting plugin MobilePatchingUtils
LogPluginManager: Mounting plugin OculusVR
LogPluginManager: Mounting plugin PhysXVehicles
LogPluginManager: Mounting plugin ProceduralMeshComponent
LogPluginManager: Mounting plugin RuntimePhysXCooking
LogPluginManager: Mounting plugin SignificanceManager
LogPluginManager: Mounting plugin SteamVR
LogPluginManager: Mounting plugin WebMMoviePlayer
LogPluginManager: Mounting plugin WindowsMoviePlayer
LogPluginManager: Mounting plugin ScreenshotTools
LogInit: Using libcurl 7.55.1-DEV
LogInit:  - built for x86_64-pc-win32
LogInit:  - supports SSL with OpenSSL/1.1.1
LogInit:  - supports HTTP deflate (compression) using libz 1.2.8
LogInit:  - other features:
LogInit:      CURL_VERSION_SSL
LogInit:      CURL_VERSION_LIBZ
LogInit:      CURL_VERSION_IPV6
LogInit:      CURL_VERSION_ASYNCHDNS
LogInit:      CURL_VERSION_LARGEFILE
LogInit:      CURL_VERSION_IDN
LogInit:  CurlRequestOptions (configurable via config and command line):
LogInit:  - bVerifyPeer = true  - Libcurl will verify peer certificate
LogInit:  - bUseHttpProxy = false  - Libcurl will NOT use HTTP proxy
LogInit:  - bDontReuseConnections = false  - Libcurl will reuse connections
LogInit:  - MaxHostConnections = 16  - Libcurl will limit the number of connections to a host
LogInit:  - LocalHostAddr = Default
LogInit:  - BufferSize = 65536
LogOnline: OSS: Creating online subsystem instance for: NULL
LogInit: WinSock: version 1.1 (2.2), MaxSocks=32767, MaxUdp=65467
LogInit: Build: ++UE4+Release-4.23-CL-9631420
LogInit: Engine Version: 4.23.1-9631420+++UE4+Release-4.23
LogInit: Compatible Engine Version: 4.23.0-8386587+++UE4+Release-4.23
LogInit: Net CL: 8386587
LogInit: OS: Windows 10 (Release 1903) (), CPU: AMD Ryzen 7 2700X Eight-Core Processor         , GPU: NVIDIA GeForce RTX 2070
LogInit: Compiled (64-bit): Oct 18 2019 02:07:44
LogInit: Compiled with Visual C++: 19.16.27030.01
LogInit: Build Configuration: Development
LogInit: Branch Name: ++UE4+Release-4.23
LogInit: Command Line: 
LogInit: Base Directory: C:/Program Files/Epic Games/UE_4.23/Engine/Binaries/Win64/
LogInit: Installed Engine Build: 1
LogDevObjectVersion: Number of dev versions registered: 23
LogDevObjectVersion:   Dev-Blueprints (B0D832E4-1F89-4F0D-ACCF-7EB736FD4AA2): 10
LogDevObjectVersion:   Dev-Build (E1C64328-A22C-4D53-A36C-8E866417BD8C): 0
LogDevObjectVersion:   Dev-Core (375EC13C-06E4-48FB-B500-84F0262A717E): 3
LogDevObjectVersion:   Dev-Editor (E4B068ED-F494-42E9-A231-DA0B2E46BB41): 34
LogDevObjectVersion:   Dev-Framework (CFFC743F-43B0-4480-9391-14DF171D2073): 35
LogDevObjectVersion:   Dev-Mobile (B02B49B5-BB20-44E9-A304-32B752E40360): 2
LogDevObjectVersion:   Dev-Networking (A4E4105C-59A1-49B5-A7C5-40C4547EDFEE): 0
LogDevObjectVersion:   Dev-Online (39C831C9-5AE6-47DC-9A44-9C173E1C8E7C): 0
LogDevObjectVersion:   Dev-Physics (78F01B33-EBEA-4F98-B9B4-84EACCB95AA2): 0
LogDevObjectVersion:   Dev-Platform (6631380F-2D4D-43E0-8009-CF276956A95A): 0
LogDevObjectVersion:   Dev-Rendering (12F88B9F-8875-4AFC-A67C-D90C383ABD29): 31
LogDevObjectVersion:   Dev-Sequencer (7B5AE74C-D270-4C10-A958-57980B212A5A): 11
LogDevObjectVersion:   Dev-VR (D7296918-1DD6-4BDD-9DE2-64A83CC13884): 2
LogDevObjectVersion:   Dev-LoadTimes (C2A15278-BFE7-4AFE-6C17-90FF531DF755): 1
LogDevObjectVersion:   Private-Geometry (6EACA3D4-40EC-4CC1-B786-8BED09428FC5): 3
LogDevObjectVersion:   Dev-AnimPhys (29E575DD-E0A3-4627-9D10-D276232CDCEA): 17
LogDevObjectVersion:   Dev-Anim (AF43A65D-7FD3-4947-9873-3E8ED9C1BB05): 2
LogDevObjectVersion:   Dev-ReflectionCapture (6B266CEC-1EC7-4B8F-A30B-E4D90942FC07): 1
LogDevObjectVersion:   Dev-Automation (0DF73D61-A23F-47EA-B727-89E90C41499A): 1
LogDevObjectVersion:   FortniteMain (601D1886-AC64-4F84-AA16-D3DE0DEAC7D6): 27
LogDevObjectVersion:   Dev-Enterprise (9DFFBCD6-494F-0158-E221-12823C92A888): 6
LogDevObjectVersion:   Dev-Niagara (F2AED0AC-9AFE-416F-8664-AA7FFA26D6FC): 1
LogDevObjectVersion:   Dev-Destruction (174F1F0B-B4C6-45A5-B13F-2EE8D0FB917D): 9
LogInit: Presizing for max 16777216 objects, including 0 objects not considered by GC, pre-allocating 0 bytes for permanent pool.
LogInit: Object subsystem initialized
LogConfig: Setting CVar [[con.DebugEarlyDefault:1]]
LogConfig: Setting CVar [[r.setres:1280x720]]
[2020.01.05-11.06.57:253][  0]LogConfig: Setting CVar [[r.VSync:0]]
[2020.01.05-11.06.57:253][  0]LogConfig: Setting CVar [[r.RHICmdBypass:0]]
[2020.01.05-11.06.57:253][  0]LogConfig: Applying CVar settings from Section [/Script/Engine.RendererSettings] File [E:/UE4CyrilRendu/PINEAU/Saved/Config/Windows/Engine.ini]
[2020.01.05-11.06.57:253][  0]LogConfig: Setting CVar [[r.GPUCrashDebugging:0]]
[2020.01.05-11.06.57:253][  0]LogConfig: Setting CVar [[r.DefaultFeature.AutoExposure.ExtendDefaultLuminanceRange:1]]
[2020.01.05-11.06.57:253][  0]LogConfig: Applying CVar settings from Section [/Script/Engine.RendererOverrideSettings] File [E:/UE4CyrilRendu/PINEAU/Saved/Config/Windows/Engine.ini]
[2020.01.05-11.06.57:253][  0]LogConfig: Applying CVar settings from Section [/Script/Engine.StreamingSettings] File [E:/UE4CyrilRendu/PINEAU/Saved/Config/Windows/Engine.ini]
[2020.01.05-11.06.57:253][  0]LogConfig: Setting CVar [[s.MinBulkDataSizeForAsyncLoading:131072]]
[2020.01.05-11.06.57:253][  0]LogConfig: Setting CVar [[s.AsyncLoadingThreadEnabled:0]]
[2020.01.05-11.06.57:253][  0]LogConfig: Setting CVar [[s.EventDrivenLoaderEnabled:1]]
[2020.01.05-11.06.57:253][  0]LogConfig: Setting CVar [[s.WarnIfTimeLimitExceeded:0]]
[2020.01.05-11.06.57:253][  0]LogConfig: Setting CVar [[s.TimeLimitExceededMultiplier:1.5]]
[2020.01.05-11.06.57:253][  0]LogConfig: Setting CVar [[s.TimeLimitExceededMinTime:0.005]]
[2020.01.05-11.06.57:253][  0]LogConfig: Setting CVar [[s.UseBackgroundLevelStreaming:1]]
[2020.01.05-11.06.57:253][  0]LogConfig: Setting CVar [[s.PriorityAsyncLoadingExtraTime:15.0]]
[2020.01.05-11.06.57:253][  0]LogConfig: Setting CVar [[s.LevelStreamingActorsUpdateTimeLimit:5.0]]
[2020.01.05-11.06.57:253][  0]LogConfig: Setting CVar [[s.PriorityLevelStreamingActorsUpdateExtraTime:5.0]]
[2020.01.05-11.06.57:253][  0]LogConfig: Setting CVar [[s.LevelStreamingComponentsRegistrationGranularity:10]]
[2020.01.05-11.06.57:253][  0]LogConfig: Setting CVar [[s.UnregisterComponentsTimeLimit:1.0]]
[2020.01.05-11.06.57:253][  0]LogConfig: Setting CVar [[s.LevelStreamingComponentsUnregistrationGranularity:5]]
[2020.01.05-11.06.57:253][  0]LogConfig: Applying CVar settings from Section [/Script/Engine.GarbageCollectionSettings] File [E:/UE4CyrilRendu/PINEAU/Saved/Config/Windows/Engine.ini]
[2020.01.05-11.06.57:253][  0]LogConfig: Setting CVar [[gc.MaxObjectsNotConsideredByGC:1]]
[2020.01.05-11.06.57:253][  0]LogConfig: Setting CVar [[gc.SizeOfPermanentObjectPool:0]]
[2020.01.05-11.06.57:253][  0]LogConfig: Setting CVar [[gc.FlushStreamingOnGC:0]]
[2020.01.05-11.06.57:253][  0]LogConfig: Setting CVar [[gc.NumRetriesBeforeForcingGC:10]]
[2020.01.05-11.06.57:254][  0]LogConfig: Setting CVar [[gc.AllowParallelGC:1]]
[2020.01.05-11.06.57:254][  0]LogConfig: Setting CVar [[gc.TimeBetweenPurgingPendingKillObjects:61.1]]
[2020.01.05-11.06.57:254][  0]LogConfig: Setting CVar [[gc.MaxObjectsInEditor:16777216]]
[2020.01.05-11.06.57:254][  0]LogConfig: Setting CVar [[gc.IncrementalBeginDestroyEnabled:1]]
[2020.01.05-11.06.57:254][  0]LogConfig: Setting CVar [[gc.CreateGCClusters:1]]
[2020.01.05-11.06.57:254][  0]LogConfig: Setting CVar [[gc.MinGCClusterSize:5]]
[2020.01.05-11.06.57:254][  0]LogConfig: Setting CVar [[gc.ActorClusteringEnabled:0]]
[2020.01.05-11.06.57:254][  0]LogConfig: Setting CVar [[gc.BlueprintClusteringEnabled:0]]
[2020.01.05-11.06.57:254][  0]LogConfig: Setting CVar [[gc.UseDisregardForGCOnDedicatedServers:0]]
[2020.01.05-11.06.57:254][  0]LogConfig: Applying CVar settings from Section [/Script/Engine.NetworkSettings] File [E:/UE4CyrilRendu/PINEAU/Saved/Config/Windows/Engine.ini]
[2020.01.05-11.06.57:254][  0]LogConfig: Applying CVar settings from Section [/Script/UnrealEd.CookerSettings] File [E:/UE4CyrilRendu/PINEAU/Saved/Config/Windows/Engine.ini]
[2020.01.05-11.06.57:257][  0]LogConfig: Applying CVar settings from Section [ViewDistanceQuality@3] File [E:/UE4CyrilRendu/PINEAU/Saved/Config/Windows/Scalability.ini]
[2020.01.05-11.06.57:258][  0]LogConfig: Setting CVar [[r.SkeletalMeshLODBias:0]]
[2020.01.05-11.06.57:258][  0]LogConfig: Setting CVar [[r.ViewDistanceScale:1.0]]
[2020.01.05-11.06.57:258][  0]LogConfig: Applying CVar settings from Section [AntiAliasingQuality@3] File [E:/UE4CyrilRendu/PINEAU/Saved/Config/Windows/Scalability.ini]
[2020.01.05-11.06.57:258][  0]LogConfig: Setting CVar [[r.PostProcessAAQuality:4]]
[2020.01.05-11.06.57:258][  0]LogConfig: Applying CVar settings from Section [ShadowQuality@3] File [E:/UE4CyrilRendu/PINEAU/Saved/Config/Windows/Scalability.ini]
[2020.01.05-11.06.57:258][  0]LogConfig: Setting CVar [[r.LightFunctionQuality:1]]
[2020.01.05-11.06.57:258][  0]LogConfig: Setting CVar [[r.ShadowQuality:5]]
[2020.01.05-11.06.57:258][  0]LogConfig: Setting CVar [[r.Shadow.CSM.MaxCascades:10]]
[2020.01.05-11.06.57:258][  0]LogConfig: Setting CVar [[r.Shadow.MaxResolution:2048]]
[2020.01.05-11.06.57:258][  0]LogConfig: Setting CVar [[r.Shadow.MaxCSMResolution:2048]]
[2020.01.05-11.06.57:258][  0]LogConfig: Setting CVar [[r.Shadow.RadiusThreshold:0.01]]
[2020.01.05-11.06.57:258][  0]LogConfig: Setting CVar [[r.Shadow.DistanceScale:1.0]]
[2020.01.05-11.06.57:258][  0]LogConfig: Setting CVar [[r.Shadow.CSM.TransitionScale:1.0]]
[2020.01.05-11.06.57:258][  0]LogConfig: Setting CVar [[r.Shadow.PreShadowResolutionFactor:1.0]]
[2020.01.05-11.06.57:258][  0]LogConfig: Setting CVar [[r.DistanceFieldShadowing:1]]
[2020.01.05-11.06.57:258][  0]LogConfig: Setting CVar [[r.DistanceFieldAO:1]]
[2020.01.05-11.06.57:258][  0]LogConfig: Setting CVar [[r.AOQuality:2]]
[2020.01.05-11.06.57:258][  0]LogConfig: Setting CVar [[r.VolumetricFog:1]]
[2020.01.05-11.06.57:258][  0]LogConfig: Setting CVar [[r.VolumetricFog.GridPixelSize:8]]
[2020.01.05-11.06.57:258][  0]LogConfig: Setting CVar [[r.VolumetricFog.GridSizeZ:128]]
[2020.01.05-11.06.57:258][  0]LogConfig: Setting CVar [[r.VolumetricFog.HistoryMissSupersampleCount:4]]
[2020.01.05-11.06.57:258][  0]LogConfig: Setting CVar [[r.LightMaxDrawDistanceScale:1]]
[2020.01.05-11.06.57:258][  0]LogConfig: Setting CVar [[r.CapsuleShadows:1]]
[2020.01.05-11.06.57:258][  0]LogConfig: Applying CVar settings from Section [PostProcessQuality@3] File [E:/UE4CyrilRendu/PINEAU/Saved/Config/Windows/Scalability.ini]
[2020.01.05-11.06.57:258][  0]LogConfig: Setting CVar [[r.MotionBlurQuality:4]]
[2020.01.05-11.06.57:258][  0]LogConfig: Setting CVar [[r.AmbientOcclusionMipLevelFactor:0.4]]
[2020.01.05-11.06.57:258][  0]LogConfig: Setting CVar [[r.AmbientOcclusionMaxQuality:100]]
[2020.01.05-11.06.57:258][  0]LogConfig: Setting CVar [[r.AmbientOcclusionLevels:-1]]
[2020.01.05-11.06.57:258][  0]LogConfig: Setting CVar [[r.AmbientOcclusionRadiusScale:1.0]]
[2020.01.05-11.06.57:258][  0]LogConfig: Setting CVar [[r.DepthOfFieldQuality:2]]
[2020.01.05-11.06.57:258][  0]LogConfig: Setting CVar [[r.RenderTargetPoolMin:400]]
[2020.01.05-11.06.57:258][  0]LogConfig: Setting CVar [[r.LensFlareQuality:2]]
[2020.01.05-11.06.57:258][  0]LogConfig: Setting CVar [[r.SceneColorFringeQuality:1]]
[2020.01.05-11.06.57:258][  0]LogConfig: Setting CVar [[r.EyeAdaptationQuality:2]]
[2020.01.05-11.06.57:258][  0]LogConfig: Setting CVar [[r.BloomQuality:5]]
[2020.01.05-11.06.57:258][  0]LogConfig: Setting CVar [[r.FastBlurThreshold:100]]
[2020.01.05-11.06.57:258][  0]LogConfig: Setting CVar [[r.Upscale.Quality:3]]
[2020.01.05-11.06.57:258][  0]LogConfig: Setting CVar [[r.Tonemapper.GrainQuantization:1]]
[2020.01.05-11.06.57:258][  0]LogConfig: Setting CVar [[r.LightShaftQuality:1]]
[2020.01.05-11.06.57:258][  0]LogConfig: Setting CVar [[r.Filter.SizeScale:1]]
[2020.01.05-11.06.57:258][  0]LogConfig: Setting CVar [[r.Tonemapper.Quality:5]]
[2020.01.05-11.06.57:258][  0]LogConfig: Setting CVar [[r.DOF.Gather.AccumulatorQuality:1        ; higher gathering accumulator quality]]
[2020.01.05-11.06.57:258][  0]LogConfig: Setting CVar [[r.DOF.Gather.PostfilterMethod:1          ; Median3x3 postfilering method]]
[2020.01.05-11.06.57:258][  0]LogConfig: Setting CVar [[r.DOF.Gather.EnableBokehSettings:0       ; no bokeh simulation when gathering]]
[2020.01.05-11.06.57:258][  0]LogConfig: Setting CVar [[r.DOF.Gather.RingCount:4                 ; medium number of samples when gathering]]
[2020.01.05-11.06.57:258][  0]LogConfig: Setting CVar [[r.DOF.Scatter.ForegroundCompositing:1    ; additive foreground scattering]]
[2020.01.05-11.06.57:258][  0]LogConfig: Setting CVar [[r.DOF.Scatter.BackgroundCompositing:2    ; additive background scattering]]
[2020.01.05-11.06.57:258][  0]LogConfig: Setting CVar [[r.DOF.Scatter.EnableBokehSettings:1      ; bokeh simulation when scattering]]
[2020.01.05-11.06.57:258][  0]LogConfig: Setting CVar [[r.DOF.Scatter.MaxSpriteRatio:0.1         ; only a maximum of 10% of scattered bokeh]]
[2020.01.05-11.06.57:258][  0]LogConfig: Setting CVar [[r.DOF.Recombine.Quality:1                ; cheap slight out of focus]]
[2020.01.05-11.06.57:258][  0]LogConfig: Setting CVar [[r.DOF.Recombine.EnableBokehSettings:0    ; no bokeh simulation on slight out of focus]]
[2020.01.05-11.06.57:258][  0]LogConfig: Setting CVar [[r.DOF.TemporalAAQuality:1                ; more stable temporal accumulation]]
[2020.01.05-11.06.57:258][  0]LogConfig: Setting CVar [[r.DOF.Kernel.MaxForegroundRadius:0.025]]
[2020.01.05-11.06.57:258][  0]LogConfig: Setting CVar [[r.DOF.Kernel.MaxBackgroundRadius:0.025]]
[2020.01.05-11.06.57:258][  0]LogConfig: Applying CVar settings from Section [TextureQuality@3] File [E:/UE4CyrilRendu/PINEAU/Saved/Config/Windows/Scalability.ini]
[2020.01.05-11.06.57:258][  0]LogConfig: Setting CVar [[r.Streaming.MipBias:0]]
[2020.01.05-11.06.57:258][  0]LogConfig: Setting CVar [[r.Streaming.AmortizeCPUToGPUCopy:0]]
[2020.01.05-11.06.57:258][  0]LogConfig: Setting CVar [[r.Streaming.MaxNumTexturesToStreamPerFrame:0]]
[2020.01.05-11.06.57:258][  0]LogConfig: Setting CVar [[r.Streaming.Boost:1]]
[2020.01.05-11.06.57:258][  0]LogConfig: Setting CVar [[r.MaxAnisotropy:8]]
[2020.01.05-11.06.57:258][  0]LogConfig: Setting CVar [[r.Streaming.LimitPoolSizeToVRAM:0]]
[2020.01.05-11.06.57:258][  0]LogConfig: Setting CVar [[r.Streaming.PoolSize:1000]]
[2020.01.05-11.06.57:258][  0]LogConfig: Setting CVar [[r.Streaming.MaxEffectiveScreenSize:0]]
[2020.01.05-11.06.57:258][  0]LogConfig: Applying CVar settings from Section [EffectsQuality@3] File [E:/UE4CyrilRendu/PINEAU/Saved/Config/Windows/Scalability.ini]
[2020.01.05-11.06.57:258][  0]LogConfig: Setting CVar [[r.TranslucencyLightingVolumeDim:64]]
[2020.01.05-11.06.57:258][  0]LogConfig: Setting CVar [[r.RefractionQuality:2]]
[2020.01.05-11.06.57:258][  0]LogConfig: Setting CVar [[r.SSR.Quality:3]]
[2020.01.05-11.06.57:258][  0]LogConfig: Setting CVar [[r.SceneColorFormat:4]]
[2020.01.05-11.06.57:258][  0]LogConfig: Setting CVar [[r.DetailMode:2]]
[2020.01.05-11.06.57:258][  0]LogConfig: Setting CVar [[r.TranslucencyVolumeBlur:1]]
[2020.01.05-11.06.57:258][  0]LogConfig: Setting CVar [[r.MaterialQualityLevel:1 ; High quality]]
[2020.01.05-11.06.57:258][  0]LogConfig: Setting CVar [[r.SSS.Scale:1]]
[2020.01.05-11.06.57:258][  0]LogConfig: Setting CVar [[r.SSS.SampleSet:2]]
[2020.01.05-11.06.57:258][  0]LogConfig: Setting CVar [[r.SSS.Quality:1]]
[2020.01.05-11.06.57:258][  0]LogConfig: Setting CVar [[r.SSS.HalfRes:1]]
[2020.01.05-11.06.57:258][  0]LogConfig: Setting CVar [[r.EmitterSpawnRateScale:1.0]]
[2020.01.05-11.06.57:258][  0]LogConfig: Setting CVar [[r.ParticleLightQuality:2]]
[2020.01.05-11.06.57:259][  0]LogConfig: Applying CVar settings from Section [FoliageQuality@3] File [E:/UE4CyrilRendu/PINEAU/Saved/Config/Windows/Scalability.ini]
[2020.01.05-11.06.57:259][  0]LogConfig: Setting CVar [[foliage.DensityScale:1.0]]
[2020.01.05-11.06.57:259][  0]LogConfig: Setting CVar [[grass.DensityScale:1.0]]
[2020.01.05-11.06.57:259][  0]LogInit: Selected Device Profile: [Windows]
[2020.01.05-11.06.57:259][  0]LogInit: Applying CVar settings loaded from the selected device profile: [Windows]
[2020.01.05-11.06.57:261][  0]LogHAL: Display: Platform has ~ 16 GB [17102704640 / 17179869184 / 16], which maps to Larger [LargestMinGB=32, LargerMinGB=12, DefaultMinGB=8, SmallerMinGB=6, SmallestMinGB=0)
[2020.01.05-11.06.57:261][  0]LogInit: Going up to parent DeviceProfile []
[2020.01.05-11.06.57:261][  0]LogConfig: Applying CVar settings from Section [ViewDistanceQuality@3] File [E:/UE4CyrilRendu/PINEAU/Saved/Config/Windows/Scalability.ini]
[2020.01.05-11.06.57:261][  0]LogConfig: Setting CVar [[r.SkeletalMeshLODBias:0]]
[2020.01.05-11.06.57:261][  0]LogConfig: Setting CVar [[r.ViewDistanceScale:1.0]]
[2020.01.05-11.06.57:261][  0]LogConfig: Applying CVar settings from Section [AntiAliasingQuality@3] File [E:/UE4CyrilRendu/PINEAU/Saved/Config/Windows/Scalability.ini]
[2020.01.05-11.06.57:261][  0]LogConfig: Setting CVar [[r.PostProcessAAQuality:4]]
[2020.01.05-11.06.57:261][  0]LogConfig: Applying CVar settings from Section [ShadowQuality@3] File [E:/UE4CyrilRendu/PINEAU/Saved/Config/Windows/Scalability.ini]
[2020.01.05-11.06.57:261][  0]LogConfig: Setting CVar [[r.LightFunctionQuality:1]]
[2020.01.05-11.06.57:261][  0]LogConfig: Setting CVar [[r.ShadowQuality:5]]
[2020.01.05-11.06.57:261][  0]LogConfig: Setting CVar [[r.Shadow.CSM.MaxCascades:10]]
[2020.01.05-11.06.57:261][  0]LogConfig: Setting CVar [[r.Shadow.MaxResolution:2048]]
[2020.01.05-11.06.57:261][  0]LogConfig: Setting CVar [[r.Shadow.MaxCSMResolution:2048]]
[2020.01.05-11.06.57:261][  0]LogConfig: Setting CVar [[r.Shadow.RadiusThreshold:0.01]]
[2020.01.05-11.06.57:261][  0]LogConfig: Setting CVar [[r.Shadow.DistanceScale:1.0]]
[2020.01.05-11.06.57:261][  0]LogConfig: Setting CVar [[r.Shadow.CSM.TransitionScale:1.0]]
[2020.01.05-11.06.57:261][  0]LogConfig: Setting CVar [[r.Shadow.PreShadowResolutionFactor:1.0]]
[2020.01.05-11.06.57:261][  0]LogConfig: Setting CVar [[r.DistanceFieldShadowing:1]]
[2020.01.05-11.06.57:261][  0]LogConfig: Setting CVar [[r.DistanceFieldAO:1]]
[2020.01.05-11.06.57:261][  0]LogConfig: Setting CVar [[r.AOQuality:2]]
[2020.01.05-11.06.57:261][  0]LogConfig: Setting CVar [[r.VolumetricFog:1]]
[2020.01.05-11.06.57:262][  0]LogConfig: Setting CVar [[r.VolumetricFog.GridPixelSize:8]]
[2020.01.05-11.06.57:262][  0]LogConfig: Setting CVar [[r.VolumetricFog.GridSizeZ:128]]
[2020.01.05-11.06.57:262][  0]LogConfig: Setting CVar [[r.VolumetricFog.HistoryMissSupersampleCount:4]]
[2020.01.05-11.06.57:262][  0]LogConfig: Setting CVar [[r.LightMaxDrawDistanceScale:1]]
[2020.01.05-11.06.57:262][  0]LogConfig: Setting CVar [[r.CapsuleShadows:1]]
[2020.01.05-11.06.57:262][  0]LogConfig: Applying CVar settings from Section [PostProcessQuality@3] File [E:/UE4CyrilRendu/PINEAU/Saved/Config/Windows/Scalability.ini]
[2020.01.05-11.06.57:262][  0]LogConfig: Setting CVar [[r.MotionBlurQuality:4]]
[2020.01.05-11.06.57:262][  0]LogConfig: Setting CVar [[r.AmbientOcclusionMipLevelFactor:0.4]]
[2020.01.05-11.06.57:262][  0]LogConfig: Setting CVar [[r.AmbientOcclusionMaxQuality:100]]
[2020.01.05-11.06.57:262][  0]LogConfig: Setting CVar [[r.AmbientOcclusionLevels:-1]]
[2020.01.05-11.06.57:262][  0]LogConfig: Setting CVar [[r.AmbientOcclusionRadiusScale:1.0]]
[2020.01.05-11.06.57:262][  0]LogConfig: Setting CVar [[r.DepthOfFieldQuality:2]]
[2020.01.05-11.06.57:262][  0]LogConfig: Setting CVar [[r.RenderTargetPoolMin:400]]
[2020.01.05-11.06.57:262][  0]LogConfig: Setting CVar [[r.LensFlareQuality:2]]
[2020.01.05-11.06.57:262][  0]LogConfig: Setting CVar [[r.SceneColorFringeQuality:1]]
[2020.01.05-11.06.57:262][  0]LogConfig: Setting CVar [[r.EyeAdaptationQuality:2]]
[2020.01.05-11.06.57:262][  0]LogConfig: Setting CVar [[r.BloomQuality:5]]
[2020.01.05-11.06.57:262][  0]LogConfig: Setting CVar [[r.FastBlurThreshold:100]]
[2020.01.05-11.06.57:262][  0]LogConfig: Setting CVar [[r.Upscale.Quality:3]]
[2020.01.05-11.06.57:262][  0]LogConfig: Setting CVar [[r.Tonemapper.GrainQuantization:1]]
[2020.01.05-11.06.57:262][  0]LogConfig: Setting CVar [[r.LightShaftQuality:1]]
[2020.01.05-11.06.57:262][  0]LogConfig: Setting CVar [[r.Filter.SizeScale:1]]
[2020.01.05-11.06.57:262][  0]LogConfig: Setting CVar [[r.Tonemapper.Quality:5]]
[2020.01.05-11.06.57:262][  0]LogConfig: Setting CVar [[r.DOF.Gather.AccumulatorQuality:1        ; higher gathering accumulator quality]]
[2020.01.05-11.06.57:262][  0]LogConfig: Setting CVar [[r.DOF.Gather.PostfilterMethod:1          ; Median3x3 postfilering method]]
[2020.01.05-11.06.57:262][  0]LogConfig: Setting CVar [[r.DOF.Gather.EnableBokehSettings:0       ; no bokeh simulation when gathering]]
[2020.01.05-11.06.57:262][  0]LogConfig: Setting CVar [[r.DOF.Gather.RingCount:4                 ; medium number of samples when gathering]]
[2020.01.05-11.06.57:262][  0]LogConfig: Setting CVar [[r.DOF.Scatter.ForegroundCompositing:1    ; additive foreground scattering]]
[2020.01.05-11.06.57:262][  0]LogConfig: Setting CVar [[r.DOF.Scatter.BackgroundCompositing:2    ; additive background scattering]]
[2020.01.05-11.06.57:262][  0]LogConfig: Setting CVar [[r.DOF.Scatter.EnableBokehSettings:1      ; bokeh simulation when scattering]]
[2020.01.05-11.06.57:262][  0]LogConfig: Setting CVar [[r.DOF.Scatter.MaxSpriteRatio:0.1         ; only a maximum of 10% of scattered bokeh]]
[2020.01.05-11.06.57:262][  0]LogConfig: Setting CVar [[r.DOF.Recombine.Quality:1                ; cheap slight out of focus]]
[2020.01.05-11.06.57:262][  0]LogConfig: Setting CVar [[r.DOF.Recombine.EnableBokehSettings:0    ; no bokeh simulation on slight out of focus]]
[2020.01.05-11.06.57:262][  0]LogConfig: Setting CVar [[r.DOF.TemporalAAQuality:1                ; more stable temporal accumulation]]
[2020.01.05-11.06.57:262][  0]LogConfig: Setting CVar [[r.DOF.Kernel.MaxForegroundRadius:0.025]]
[2020.01.05-11.06.57:262][  0]LogConfig: Setting CVar [[r.DOF.Kernel.MaxBackgroundRadius:0.025]]
[2020.01.05-11.06.57:262][  0]LogConfig: Applying CVar settings from Section [TextureQuality@3] File [E:/UE4CyrilRendu/PINEAU/Saved/Config/Windows/Scalability.ini]
[2020.01.05-11.06.57:262][  0]LogConfig: Setting CVar [[r.Streaming.MipBias:0]]
[2020.01.05-11.06.57:262][  0]LogConfig: Setting CVar [[r.Streaming.AmortizeCPUToGPUCopy:0]]
[2020.01.05-11.06.57:262][  0]LogConfig: Setting CVar [[r.Streaming.MaxNumTexturesToStreamPerFrame:0]]
[2020.01.05-11.06.57:262][  0]LogConfig: Setting CVar [[r.Streaming.Boost:1]]
[2020.01.05-11.06.57:262][  0]LogConfig: Setting CVar [[r.MaxAnisotropy:8]]
[2020.01.05-11.06.57:262][  0]LogConfig: Setting CVar [[r.Streaming.LimitPoolSizeToVRAM:0]]
[2020.01.05-11.06.57:262][  0]LogConfig: Setting CVar [[r.Streaming.PoolSize:1000]]
[2020.01.05-11.06.57:262][  0]LogConfig: Setting CVar [[r.Streaming.MaxEffectiveScreenSize:0]]
[2020.01.05-11.06.57:262][  0]LogConfig: Applying CVar settings from Section [EffectsQuality@3] File [E:/UE4CyrilRendu/PINEAU/Saved/Config/Windows/Scalability.ini]
[2020.01.05-11.06.57:262][  0]LogConfig: Setting CVar [[r.TranslucencyLightingVolumeDim:64]]
[2020.01.05-11.06.57:262][  0]LogConfig: Setting CVar [[r.RefractionQuality:2]]
[2020.01.05-11.06.57:262][  0]LogConfig: Setting CVar [[r.SSR.Quality:3]]
[2020.01.05-11.06.57:262][  0]LogConfig: Setting CVar [[r.SceneColorFormat:4]]
[2020.01.05-11.06.57:262][  0]LogConfig: Setting CVar [[r.DetailMode:2]]
[2020.01.05-11.06.57:262][  0]LogConfig: Setting CVar [[r.TranslucencyVolumeBlur:1]]
[2020.01.05-11.06.57:262][  0]LogConfig: Setting CVar [[r.MaterialQualityLevel:1 ; High quality]]
[2020.01.05-11.06.57:262][  0]LogConfig: Setting CVar [[r.SSS.Scale:1]]
[2020.01.05-11.06.57:262][  0]LogConfig: Setting CVar [[r.SSS.SampleSet:2]]
[2020.01.05-11.06.57:262][  0]LogConfig: Setting CVar [[r.SSS.Quality:1]]
[2020.01.05-11.06.57:262][  0]LogConfig: Setting CVar [[r.SSS.HalfRes:1]]
[2020.01.05-11.06.57:262][  0]LogConfig: Setting CVar [[r.EmitterSpawnRateScale:1.0]]
[2020.01.05-11.06.57:262][  0]LogConfig: Setting CVar [[r.ParticleLightQuality:2]]
[2020.01.05-11.06.57:262][  0]LogConfig: Applying CVar settings from Section [FoliageQuality@3] File [E:/UE4CyrilRendu/PINEAU/Saved/Config/Windows/Scalability.ini]
[2020.01.05-11.06.57:262][  0]LogConfig: Setting CVar [[foliage.DensityScale:1.0]]
[2020.01.05-11.06.57:262][  0]LogConfig: Setting CVar [[grass.DensityScale:1.0]]
[2020.01.05-11.06.57:262][  0]LogConfig: Applying CVar settings from Section [Startup] File [../../../Engine/Config/ConsoleVariables.ini]
[2020.01.05-11.06.57:263][  0]LogConfig: Setting CVar [[net.UseAdaptiveNetUpdateFrequency:0]]
[2020.01.05-11.06.57:263][  0]LogConfig: Setting CVar [[p.chaos.AllowCreatePhysxBodies:1]]
[2020.01.05-11.06.57:263][  0]LogConfig: Applying CVar settings from Section [ConsoleVariables] File [E:/UE4CyrilRendu/PINEAU/Saved/Config/Windows/Engine.ini]
[2020.01.05-11.06.57:263][  0]LogInit: Computer: DESKTOP-SD42UTO
[2020.01.05-11.06.57:263][  0]LogInit: User: admin
[2020.01.05-11.06.57:263][  0]LogInit: CPU Page size=4096, Cores=8
[2020.01.05-11.06.57:263][  0]LogInit: High frequency timer resolution =10.000000 MHz
[2020.01.05-11.06.57:263][  0]LogMemory: Memory total: Physical=15.9GB (16GB approx)
[2020.01.05-11.06.57:263][  0]LogMemory: Platform Memory Stats for Windows
[2020.01.05-11.06.57:263][  0]LogMemory: Process Physical Memory: 111.16 MB used, 111.17 MB peak
[2020.01.05-11.06.57:263][  0]LogMemory: Process Virtual Memory: 107.68 MB used, 107.68 MB peak
[2020.01.05-11.06.57:263][  0]LogMemory: Physical Memory: 7953.05 MB used,  8357.36 MB free, 16310.41 MB total
[2020.01.05-11.06.57:263][  0]LogMemory: Virtual Memory: 4731.63 MB used,  134213000.00 MB free, 134217728.00 MB total
[2020.01.05-11.06.57:265][  0]LogWindows: WindowsPlatformFeatures enabled
[2020.01.05-11.06.57:285][  0]LogInit: Using OS detected language (fr-FR).
[2020.01.05-11.06.57:285][  0]LogInit: Using OS detected locale (fr-FR).
[2020.01.05-11.06.57:286][  0]LogTextLocalizationManager: No specific localization for 'fr-FR' exists, so the 'fr' localization will be used.
[2020.01.05-11.06.57:286][  0]LogTextLocalizationResource: LocRes '../../../Engine/Content/Localization/Editor/fr/Editor.locres' could not be opened for reading!
[2020.01.05-11.06.57:286][  0]LogTextLocalizationResource: LocRes '../../../Engine/Content/Localization/EditorTutorials/fr/EditorTutorials.locres' could not be opened for reading!
[2020.01.05-11.06.57:286][  0]LogTextLocalizationResource: LocRes '../../../Engine/Content/Localization/Keywords/fr/Keywords.locres' could not be opened for reading!
[2020.01.05-11.06.57:286][  0]LogTextLocalizationResource: LocRes '../../../Engine/Content/Localization/Category/fr/Category.locres' could not be opened for reading!
[2020.01.05-11.06.57:286][  0]LogTextLocalizationResource: LocRes '../../../Engine/Content/Localization/ToolTips/fr/ToolTips.locres' could not be opened for reading!
[2020.01.05-11.06.57:287][  0]LogTextLocalizationResource: LocRes '../../../Engine/Content/Localization/PropertyNames/fr/PropertyNames.locres' could not be opened for reading!
[2020.01.05-11.06.57:287][  0]LogTextLocalizationResource: LocRes '../../../Engine/Content/Localization/Engine/fr/Engine.locres' could not be opened for reading!
[2020.01.05-11.06.57:288][  0]LogInit: Setting process to per monitor DPI aware
[2020.01.05-11.06.57:316][  0]LogSlate: New Slate User Created.  User Index 0, Is Virtual User: 0
[2020.01.05-11.06.57:316][  0]LogSlate: Slate User Registered.  User Index 0, Is Virtual User: 0
[2020.01.05-11.06.57:470][  0]LogD3D11RHI: D3D11 adapters:
[2020.01.05-11.06.57:533][  0]LogD3D11RHI:    0. 'NVIDIA GeForce RTX 2070' (Feature Level 11_0)
[2020.01.05-11.06.57:533][  0]LogD3D11RHI:       8031/0/8155 MB DedicatedVideo/DedicatedSystem/SharedSystem, Outputs:2, VendorId:0x10de
[2020.01.05-11.06.57:535][  0]LogD3D11RHI:    1. 'Microsoft Basic Render Driver' (Feature Level 11_0)
[2020.01.05-11.06.57:535][  0]LogD3D11RHI:       0/0/8155 MB DedicatedVideo/DedicatedSystem/SharedSystem, Outputs:0, VendorId:0x1414
[2020.01.05-11.06.57:535][  0]LogD3D11RHI: Chosen D3D11 Adapter: 0
[2020.01.05-11.06.57:542][  0]LogD3D11RHI: Creating new Direct3DDevice
[2020.01.05-11.06.57:543][  0]LogD3D11RHI:     GPU DeviceId: 0x1f07 (for the marketing name, search the web for "GPU Device Id")
[2020.01.05-11.06.57:543][  0]LogWindows: EnumDisplayDevices:
[2020.01.05-11.06.57:543][  0]LogWindows:    0. 'NVIDIA GeForce RTX 2070' (P:1 D:1)
[2020.01.05-11.06.57:543][  0]LogWindows:    1. 'NVIDIA GeForce RTX 2070' (P:0 D:1)
[2020.01.05-11.06.57:543][  0]LogWindows:    2. 'NVIDIA GeForce RTX 2070' (P:0 D:0)
[2020.01.05-11.06.57:543][  0]LogWindows:    3. 'NVIDIA GeForce RTX 2070' (P:0 D:0)
[2020.01.05-11.06.57:543][  0]LogWindows: DebugString: FoundDriverCount:4 
[2020.01.05-11.06.57:543][  0]LogD3D11RHI:     Adapter Name: NVIDIA GeForce RTX 2070
[2020.01.05-11.06.57:544][  0]LogD3D11RHI:   Driver Version: 440.97 (internal:26.21.14.4097, unified:440.97)
[2020.01.05-11.06.57:544][  0]LogD3D11RHI:      Driver Date: 10-16-2019
[2020.01.05-11.06.57:544][  0]LogRHI: Texture pool is 5621 MB (70% of 8031 MB)
[2020.01.05-11.06.57:593][  0]LogD3D11RHI: Async texture creation enabled
[2020.01.05-11.06.57:617][  0]LogD3D11RHI: GPU Timing Frequency: 1000.000000 (Debug: 2 2)
[2020.01.05-11.06.57:862][  0]LogTemp: Display: Module 'AllDesktopTargetPlatform' loaded TargetPlatform 'AllDesktop'
[2020.01.05-11.06.57:870][  0]LogTemp: Display: Module 'MacClientTargetPlatform' loaded TargetPlatform 'MacClient'
[2020.01.05-11.06.57:879][  0]LogTemp: Display: Module 'MacNoEditorTargetPlatform' loaded TargetPlatform 'MacNoEditor'
[2020.01.05-11.06.57:887][  0]LogTemp: Display: Module 'MacServerTargetPlatform' loaded TargetPlatform 'MacServer'
[2020.01.05-11.06.57:896][  0]LogTemp: Display: Module 'MacTargetPlatform' loaded TargetPlatform 'Mac'
[2020.01.05-11.06.57:904][  0]LogTemp: Display: Module 'WindowsClientTargetPlatform' loaded TargetPlatform 'WindowsClient'
[2020.01.05-11.06.57:913][  0]LogTemp: Display: Module 'WindowsNoEditorTargetPlatform' loaded TargetPlatform 'WindowsNoEditor'
[2020.01.05-11.06.57:922][  0]LogTemp: Display: Module 'WindowsServerTargetPlatform' loaded TargetPlatform 'WindowsServer'
[2020.01.05-11.06.57:926][  0]LogTemp: Display: Module 'WindowsTargetPlatform' loaded TargetPlatform 'Windows'
[2020.01.05-11.06.57:956][  0]LogTemp: Display: Module 'AndroidTargetPlatform' loaded TargetPlatform 'Android'
[2020.01.05-11.06.57:956][  0]LogTemp: Display: Module 'AndroidTargetPlatform' loaded TargetPlatform 'Android_ASTC'
[2020.01.05-11.06.57:956][  0]LogTemp: Display: Module 'AndroidTargetPlatform' loaded TargetPlatform 'Android_ATC'
[2020.01.05-11.06.57:956][  0]LogTemp: Display: Module 'AndroidTargetPlatform' loaded TargetPlatform 'Android_DXT'
[2020.01.05-11.06.57:956][  0]LogTemp: Display: Module 'AndroidTargetPlatform' loaded TargetPlatform 'Android_ETC1'
[2020.01.05-11.06.57:956][  0]LogTemp: Display: Module 'AndroidTargetPlatform' loaded TargetPlatform 'Android_ETC1a'
[2020.01.05-11.06.57:956][  0]LogTemp: Display: Module 'AndroidTargetPlatform' loaded TargetPlatform 'Android_ETC2'
[2020.01.05-11.06.57:956][  0]LogTemp: Display: Module 'AndroidTargetPlatform' loaded TargetPlatform 'Android_PVRTC'
[2020.01.05-11.06.57:956][  0]LogTemp: Display: Module 'AndroidTargetPlatform' loaded TargetPlatform 'AndroidClient'
[2020.01.05-11.06.57:957][  0]LogTemp: Display: Module 'AndroidTargetPlatform' loaded TargetPlatform 'Android_ASTCClient'
[2020.01.05-11.06.57:957][  0]LogTemp: Display: Module 'AndroidTargetPlatform' loaded TargetPlatform 'Android_ATCClient'
[2020.01.05-11.06.57:957][  0]LogTemp: Display: Module 'AndroidTargetPlatform' loaded TargetPlatform 'Android_DXTClient'
[2020.01.05-11.06.57:957][  0]LogTemp: Display: Module 'AndroidTargetPlatform' loaded TargetPlatform 'Android_ETC1Client'
[2020.01.05-11.06.57:957][  0]LogTemp: Display: Module 'AndroidTargetPlatform' loaded TargetPlatform 'Android_ETC1aClient'
[2020.01.05-11.06.57:957][  0]LogTemp: Display: Module 'AndroidTargetPlatform' loaded TargetPlatform 'Android_ETC2Client'
[2020.01.05-11.06.57:957][  0]LogTemp: Display: Module 'AndroidTargetPlatform' loaded TargetPlatform 'Android_PVRTCClient'
[2020.01.05-11.06.57:957][  0]LogTemp: Display: Module 'AndroidTargetPlatform' loaded TargetPlatform 'Android_Multi'
[2020.01.05-11.06.57:957][  0]LogTemp: Display: Module 'AndroidTargetPlatform' loaded TargetPlatform 'Android_MultiClient'
[2020.01.05-11.06.57:958][  0]LogTemp: Display: Module 'HTML5TargetPlatform' loaded TargetPlatform 'HTML5'
[2020.01.05-11.06.57:975][  0]LogTemp: Display: Module 'IOSTargetPlatform' loaded TargetPlatform 'IOSClient'
[2020.01.05-11.06.57:975][  0]LogTemp: Display: Module 'IOSTargetPlatform' loaded TargetPlatform 'IOS'
[2020.01.05-11.06.57:988][  0]LogTemp: Display: Module 'TVOSTargetPlatform' loaded TargetPlatform 'TVOSClient'
[2020.01.05-11.06.57:988][  0]LogTemp: Display: Module 'TVOSTargetPlatform' loaded TargetPlatform 'TVOS'
[2020.01.05-11.06.57:995][  0]LogTemp: Display: Module 'LinuxClientTargetPlatform' loaded TargetPlatform 'LinuxClient'
[2020.01.05-11.06.58:001][  0]LogTemp: Display: Module 'LinuxNoEditorTargetPlatform' loaded TargetPlatform 'LinuxNoEditor'
[2020.01.05-11.06.58:008][  0]LogTemp: Display: Module 'LinuxServerTargetPlatform' loaded TargetPlatform 'LinuxServer'
[2020.01.05-11.06.58:015][  0]LogTemp: Display: Module 'LinuxTargetPlatform' loaded TargetPlatform 'Linux'
[2020.01.05-11.06.58:038][  0]LogTemp: Display: Module 'LuminTargetPlatform' loaded TargetPlatform 'Lumin'
[2020.01.05-11.06.58:038][  0]LogTemp: Display: Module 'LuminTargetPlatform' loaded TargetPlatform 'LuminClient'
[2020.01.05-11.06.58:038][  0]LogTargetPlatformManager: Display: Building Assets For Windows
[2020.01.05-11.06.58:047][  0]LogAudioDebug: Display: Lib vorbis DLL was dynamically loaded.
[2020.01.05-11.06.58:098][  0]LogShaderCompilers: Guid format shader working directory is 23 characters bigger than the processId version (E:/UE4CyrilRendu/PINEAU/Intermediate/Shaders/WorkingDirectory/6596/).
[2020.01.05-11.06.58:099][  0]LogShaderCompilers: Cleaned the shader compiler working directory 'C:/Users/admin/AppData/Local/Temp/UnrealShaderWorkingDir/1B054E204B2ABAAE40B017B40669E694/'.
[2020.01.05-11.06.58:101][  0]LogXGEController: Cannot use XGE Controller as Incredibuild is not installed on this machine.
[2020.01.05-11.06.58:101][  0]LogShaderCompilers: Cannot use XGE Shader Compiler as Incredibuild is not installed on this machine.
[2020.01.05-11.06.58:101][  0]LogShaderCompilers: Display: Using Local Shader Compiler.
[2020.01.05-11.06.58:669][  0]LogDerivedDataCache: Display: Max Cache Size: 512 MB
[2020.01.05-11.06.58:708][  0]LogDerivedDataCache: Loaded boot cache 0.04s 76MB C:/Users/admin/AppData/Local/UnrealEngine/4.23/DerivedDataCache/Boot.ddc.
[2020.01.05-11.06.58:708][  0]LogDerivedDataCache: Display: Loaded Boot cache: C:/Users/admin/AppData/Local/UnrealEngine/4.23/DerivedDataCache/Boot.ddc
[2020.01.05-11.06.58:708][  0]LogDerivedDataCache: FDerivedDataBackendGraph:  Pak pak cache file E:/UE4CyrilRendu/PINEAU/DerivedDataCache/DDC.ddp not found, will not use a pak cache.
[2020.01.05-11.06.58:708][  0]LogDerivedDataCache: Unable to find inner node Pak for hierarchical cache Hierarchy.
[2020.01.05-11.06.58:708][  0]LogDerivedDataCache: FDerivedDataBackendGraph:  CompressedPak pak cache file E:/UE4CyrilRendu/PINEAU/DerivedDataCache/Compressed.ddp not found, will not use a pak cache.
[2020.01.05-11.06.58:708][  0]LogDerivedDataCache: Unable to find inner node CompressedPak for hierarchical cache Hierarchy.
[2020.01.05-11.06.58:719][  0]LogDerivedDataCache: Display: Pak cache opened for reading ../../../Engine/DerivedDataCache/Compressed.ddp.
[2020.01.05-11.06.58:719][  0]LogDerivedDataCache: FDerivedDataBackendGraph:  EnterprisePak pak cache file ../../../Enterprise/DerivedDataCache/Compressed.ddp not found, will not use a pak cache.
[2020.01.05-11.06.58:719][  0]LogDerivedDataCache: Unable to find inner node EnterprisePak for hierarchical cache Hierarchy.
[2020.01.05-11.06.58:720][  0]LogDerivedDataCache: Using Local data cache path C:/Users/admin/AppData/Local/UnrealEngine/Common/DerivedDataCache: Writable
[2020.01.05-11.06.58:720][  0]LogDerivedDataCache: Shared data cache path not found in *engine.ini, will not use an Shared cache.
[2020.01.05-11.06.58:720][  0]LogDerivedDataCache: Unable to find inner node Shared for hierarchical cache Hierarchy.
[2020.01.05-11.06.58:740][  0]LogMaterial: Verifying Global Shaders for PCD3D_SM5
[2020.01.05-11.06.58:743][  0]LogSlate: Using FreeType 2.6.0
[2020.01.05-11.06.58:743][  0]LogSlate: SlateFontServices - WITH_FREETYPE: 1, WITH_HARFBUZZ: 1
[2020.01.05-11.06.58:792][  0]LogAssetRegistry: FAssetRegistry took 0.0021 seconds to start up
[2020.01.05-11.06.59:040][  0]LogInit: Selected Device Profile: [Windows]
[2020.01.05-11.06.59:168][  0]LogMeshReduction: Using QuadricMeshReduction for automatic static mesh reduction
[2020.01.05-11.06.59:168][  0]LogMeshReduction: Using SimplygonMeshReduction for automatic skeletal mesh reduction
[2020.01.05-11.06.59:168][  0]LogMeshReduction: Using ProxyLODMeshReduction for automatic mesh merging
[2020.01.05-11.06.59:168][  0]LogMeshReduction: No distributed automatic mesh merging module available
[2020.01.05-11.06.59:168][  0]LogMeshMerging: No distributed automatic mesh merging module available
[2020.01.05-11.06.59:176][  0]LogNetVersion: PINEAU 1.0.0, NetCL: 8386587, EngineNetVer: 11, GameNetVer: 0 (Checksum: 401671516)
[2020.01.05-11.06.59:525][  0]LogPackageLocalizationCache: Processed 12 localized package path(s) for 1 prioritized culture(s) in 0.038401 seconds
[2020.01.05-11.06.59:532][  0]LogUObjectArray: 43444 objects as part of root set at end of initial load.
[2020.01.05-11.06.59:532][  0]LogUObjectAllocator: 7548648 out of 0 bytes used by permanent object pool.
[2020.01.05-11.06.59:532][  0]LogUObjectArray: CloseDisregardForGC: 0/0 objects in disregard for GC pool
[2020.01.05-11.07.00:274][  0]LogTcpMessaging: Initializing TcpMessaging bridge
[2020.01.05-11.07.00:278][  0]LogUdpMessaging: Initializing bridge on interface 0.0.0.0:0 to multicast group 230.0.0.1:6666.
[2020.01.05-11.07.00:325][  0]SourceControl: Source control is disabled
[2020.01.05-11.07.00:325][  0]SourceControl: Source control is disabled
[2020.01.05-11.07.00:326][  0]SourceControl: Source control is disabled
[2020.01.05-11.07.00:327][  0]SourceControl: Source control is disabled
[2020.01.05-11.07.00:405][  0]LogAndroidPermission: UAndroidPermissionCallbackProxy::GetInstance
[2020.01.05-11.07.00:619][  0]LogOcInput: OculusInput pre-init called
[2020.01.05-11.07.01:152][  0]LogEngine: Initializing Engine...
[2020.01.05-11.07.01:153][  0]LogHMD: Oculus plugin initialized. Version: 4.23.1-9631420+++UE4+Release-4.23, OVRPlugin: 1.37.0
[2020.01.05-11.07.01:154][  0]LogStats: UGameplayTagsManager::InitializeManager -  0.000 s
[2020.01.05-11.07.01:346][  0]LogInit: Initializing FReadOnlyCVARCache
[2020.01.05-11.07.01:360][  0]LogAIModule: Creating AISystem for world Untitled
[2020.01.05-11.07.01:406][  0]LogInit: XAudio2 using 'Casque (2- High Definition Audio Device)' : 2 channels at 44.1 kHz using 16 bits per sample (channel mask 0x3)
[2020.01.05-11.07.01:419][  0]LogInit: FAudioDevice initialized.
[2020.01.05-11.07.01:419][  0]LogNetVersion: Set ProjectVersion to 1.0.0.0. Version Checksum will be recalculated on next use.
[2020.01.05-11.07.01:472][  0]LogDerivedDataCache: Saved boot cache 0.05s 76MB C:/Users/admin/AppData/Local/UnrealEngine/4.23/DerivedDataCache/Boot.ddc.
[2020.01.05-11.07.01:477][  0]LogInit: Texture streaming: Enabled
[2020.01.05-11.07.01:496][  0]LogEngineSessionManager: EngineSessionManager initialized
[2020.01.05-11.07.01:496][  0]LogEditorSessionSummary: Verbose: Initializing EditorSessionSummaryWriter for editor session tracking
[2020.01.05-11.07.01:496][  0]LogEditorSessionSummary: EditorSessionSummaryWriter initialized
[2020.01.05-11.07.01:551][  0]LogInit: Transaction tracking system initialized
[2020.01.05-11.07.01:583][  0]BlueprintLog: New page: Editor Load
[2020.01.05-11.07.01:658][  0]LocalizationService: Localization service is disabled
[2020.01.05-11.07.01:870][  0]LogFileCache: Scanning file cache for directory 'E:/UE4CyrilRendu/PINEAU/Content/' took 0.00s
[2020.01.05-11.07.01:870][  0]LogCook: Display: Max memory allowance for cook 16384mb min free memory 0mb
[2020.01.05-11.07.01:870][  0]LogCook: Display: Mobile HDR setting 1
[2020.01.05-11.07.02:036][  0]SourceControl: Source control is disabled
[2020.01.05-11.07.02:036][  0]Cmd: MAP LOAD FILE="../../../Engine/Content/Maps/Templates/Template_Default.umap" TEMPLATE=1 SHOWPROGRESS=1 FEATURELEVEL=3
[2020.01.05-11.07.02:037][  0]LightingResults: New page: Lighting Build
[2020.01.05-11.07.02:039][  0]LogWorld: UWorld::CleanupWorld for Untitled, bSessionEnded=true, bCleanupResources=true
[2020.01.05-11.07.02:039][  0]MapCheck: New page: Map Check
[2020.01.05-11.07.02:039][  0]LightingResults: New page: Lighting Build
[2020.01.05-11.07.02:071][  0]LogUObjectHash: Compacting FUObjectHashTables data took   1.54ms
[2020.01.05-11.07.02:140][  0]LogAIModule: Creating AISystem for world Untitled_1
[2020.01.05-11.07.02:143][  0]LogEditorServer: Finished looking for orphan Actors (0.000 secs)
[2020.01.05-11.07.02:177][  0]LogUObjectHash: Compacting FUObjectHashTables data took   1.83ms
[2020.01.05-11.07.02:177][  0]Cmd: MAP CHECKDEP NOCLEARLOG
[2020.01.05-11.07.02:177][  0]MapCheck: Map check complete: 0 Error(s), 0 Warning(s), took 0,097ms to complete.
[2020.01.05-11.07.02:177][  0]LogFileHelpers: Loading map 'Template_Default' took 0.141
[2020.01.05-11.07.02:288][  0]LogSlate: Updating window title bar state: overlay mode, drag disabled, window buttons hidden, title bar hidden
[2020.01.05-11.07.02:295][  0]LogSlate: Updating window title bar state: overlay mode, drag disabled, window buttons hidden, title bar hidden
[2020.01.05-11.07.02:301][  0]LogSlate: Updating window title bar state: overlay mode, drag disabled, window buttons hidden, title bar hidden
[2020.01.05-11.07.02:307][  0]LogCollectionManager: Loaded 0 collections in 0.001867 seconds
[2020.01.05-11.07.02:313][  0]LogFileCache: Scanning file cache for directory 'E:/UE4CyrilRendu/PINEAU/Saved/Collections/' took 0.00s
[2020.01.05-11.07.02:313][  0]LogFileCache: Scanning file cache for directory 'E:/UE4CyrilRendu/PINEAU/Content/Developers/admin/Collections/' took 0.00s
[2020.01.05-11.07.02:313][  0]LogFileCache: Scanning file cache for directory 'E:/UE4CyrilRendu/PINEAU/Content/Collections/' took 0.00s
[2020.01.05-11.07.02:313][  0]LogCollectionManager: Rebuilt the GUID cache for 0 collections in 0.000001 seconds
[2020.01.05-11.07.02:321][  0]LogContentBrowser: Native class hierarchy populated in 0.0080 seconds. Added 2863 classes and 680 folders.
[2020.01.05-11.07.02:327][  0]LogContentBrowser: Native class hierarchy updated for 'WidgetCarousel' in 0.0002 seconds. Added 0 classes and 0 folders.
[2020.01.05-11.07.02:362][  0]LogContentBrowser: Native class hierarchy updated for 'AddContentDialog' in 0.0002 seconds. Added 0 classes and 0 folders.
[2020.01.05-11.07.02:367][  0]LogContentBrowser: Native class hierarchy updated for 'SceneOutliner' in 0.0002 seconds. Added 1 classes and 2 folders.
[2020.01.05-11.07.02:387][  0]LogSlate: Updating window title bar state: overlay mode, drag disabled, window buttons hidden, title bar hidden
[2020.01.05-11.07.02:394][  0]LogSlate: Updating window title bar state: overlay mode, drag disabled, window buttons hidden, title bar hidden
[2020.01.05-11.07.02:400][  0]LogSlate: Updating window title bar state: overlay mode, drag disabled, window buttons hidden, title bar hidden
[2020.01.05-11.07.02:407][  0]LogSlate: Updating window title bar state: overlay mode, drag disabled, window buttons hidden, title bar hidden
[2020.01.05-11.07.02:417][  0]LogSlate: Took 0.000155 seconds to synchronously load lazily loaded font '../../../Engine/Content/Slate/Fonts/Roboto-Regular.ttf' (155K)
[2020.01.05-11.07.02:418][  0]LogSlate: Took 0.000130 seconds to synchronously load lazily loaded font '../../../Engine/Content/Slate/Fonts/Roboto-Bold.ttf' (160K)
[2020.01.05-11.07.02:424][  0]LogSlate: Took 0.000179 seconds to synchronously load lazily loaded font '../../../Engine/Content/Editor/Slate/Fonts/FontAwesome.ttf' (139K)
[2020.01.05-11.07.02:477][  0]LogRenderer: Reallocating scene render targets to support 604x572 Format 10 NumSamples 1 (Frame:1).
[2020.01.05-11.07.02:505][  0]LogSlate: Took 0.000181 seconds to synchronously load lazily loaded font '../../../Engine/Content/Slate/Fonts/Roboto-Light.ttf' (167K)
[2020.01.05-11.07.02:517][  0]LogRenderer: Reallocating scene render targets to support 1912x1008 Format 10 NumSamples 1 (Frame:4).
[2020.01.05-11.07.02:562][  0]LogContentBrowser: Native class hierarchy updated for 'HierarchicalLODOutliner' in 0.0002 seconds. Added 0 classes and 0 folders.
[2020.01.05-11.07.02:562][  0]LogLoad: (Engine Initialization) Total time: 6.38 seconds
[2020.01.05-11.07.02:562][  0]LogLoad: (Engine Initialization) Total Blueprint compile time: 0.00 seconds
[2020.01.05-11.07.02:573][  0]LogOcInput: OculusInput is initialized
[2020.01.05-11.07.02:604][  0]LogAssetRegistry: Asset discovery search completed in 3.8125 seconds
[2020.01.05-11.07.02:607][  0]LogCollectionManager: Rebuilt the object cache for 0 collections in 0.000004 seconds (found 0 objects)
[2020.01.05-11.07.02:607][  0]LogCollectionManager: Fixed up redirectors for 0 collections in 0.000059 seconds (updated 0 objects)
[2020.01.05-11.07.02:608][  0]LogContentStreaming: Texture pool size now 1000 MB
[2020.01.05-11.07.02:628][  0]LogSlate: Took 0.000128 seconds to synchronously load lazily loaded font '../../../Engine/Content/Slate/Fonts/Roboto-Light.ttf' (167K)
[2020.01.05-11.07.02:632][  1]LogFileCache: Retrieving MD5 hashes for directory 'E:/UE4CyrilRendu/PINEAU/Content/' took 0.06s
[2020.01.05-11.07.03:841][123]LogSlate: FSceneViewport::OnFocusLost() reason 5
[2020.01.05-11.07.13:273][210]LogAIModule: Creating AISystem for world Overview
[2020.01.05-11.07.13:282][210]LogAssetEditorManager: Opening Asset editor for World /Game/PINEAU/Maps/Overview.Overview
[2020.01.05-11.07.13:318][210]LogUObjectHash: Compacting FUObjectHashTables data took   1.99ms
[2020.01.05-11.07.13:319][210]Cmd: MAP LOAD FILE="E:/UE4CyrilRendu/PINEAU/Content/PINEAU/Maps/Overview.umap" TEMPLATE=0 SHOWPROGRESS=1 FEATURELEVEL=3
[2020.01.05-11.07.13:319][210]LightingResults: New page: Lighting Build
[2020.01.05-11.07.13:319][210]LoadErrors: New page: Loading map: Overview.umap
[2020.01.05-11.07.13:319][210]LogWorld: UWorld::CleanupWorld for Untitled_1, bSessionEnded=true, bCleanupResources=true
[2020.01.05-11.07.13:319][210]MapCheck: New page: Map Check
[2020.01.05-11.07.13:319][210]LightingResults: New page: Lighting Build
[2020.01.05-11.07.13:353][210]LogUObjectHash: Compacting FUObjectHashTables data took   1.93ms
[2020.01.05-11.07.13:357][210]LogEditorServer: Finished looking for orphan Actors (0.000 secs)
[2020.01.05-11.07.13:393][210]LogUObjectHash: Compacting FUObjectHashTables data took   1.72ms
[2020.01.05-11.07.13:424][210]Cmd: MAP CHECKDEP NOCLEARLOG
[2020.01.05-11.07.13:424][210]MapCheck: Map check complete: 0 Error(s), 0 Warning(s), took 0,13ms to complete.
[2020.01.05-11.07.13:424][210]LogFileHelpers: Loading map 'Overview' took 0.106
[2020.01.05-11.07.14:003][272]LogSlate: FSceneViewport::OnFocusLost() reason 5
[2020.01.05-11.07.15:869][495]LogSlate: FSceneViewport::OnFocusLost() reason 5
[2020.01.05-11.07.16:867][614]LogSlate: FSceneViewport::OnFocusLost() reason 5
[2020.01.05-11.07.17:733][614]LogSlate: Only BGRA pngs, bmps or icos are supported in by External Image Picker
[2020.01.05-11.07.45:332][ 24]LogSlate: Window 'Project Settings' being destroyed
[2020.01.05-11.07.45:337][ 24]LogSlate: Window 'Project Settings' being destroyed
[2020.01.05-11.07.46:465][156]LogSlate: FSceneViewport::OnFocusLost() reason 0
[2020.01.05-11.07.49:477][510]LogSlate: FSceneViewport::OnFocusLost() reason 5
[2020.01.05-11.07.50:638][649]LogSlate: FSceneViewport::OnFocusLost() reason 5
[2020.01.05-11.07.51:430][649]LogSlate: Only BGRA pngs, bmps or icos are supported in by External Image Picker
[2020.01.05-11.07.59:324][892]LogSlate: Window 'Project Settings' being destroyed
[2020.01.05-11.07.59:328][892]LogSlate: Window 'Project Settings' being destroyed
[2020.01.05-11.08.02:647][ 13]LogEditorSessionSummary: EditorSessionSummary sent report. Type=Shutdown, SessionId={5C5A7FD9-437A-AC1C-463D-4B8BC4501CD9}
[2020.01.05-11.08.20:388][ 67]LogSlate: FSceneViewport::OnFocusLost() reason 0
